1581141016053	mozrunner::runner	INFO	Running command: "/usr/bin/firefox" "-marionette" "-foreground" "-no-remote" "-profile" "/tmp/rust_mozprofileLhEZPB"
1581141016899	addons.webextension.doh-rollout@mozilla.org	WARN	Loading extension 'doh-rollout@mozilla.org': Reading manifest: Invalid extension permission: networkStatus
1581141017140	addons.webextension.screenshots@mozilla.org	WARN	Loading extension 'screenshots@mozilla.org': Reading manifest: Invalid extension permission: mozillaAddons
1581141017140	addons.webextension.screenshots@mozilla.org	WARN	Loading extension 'screenshots@mozilla.org': Reading manifest: Invalid extension permission: telemetry
1581141017141	addons.webextension.screenshots@mozilla.org	WARN	Loading extension 'screenshots@mozilla.org': Reading manifest: Invalid extension permission: resource://pdf.js/
1581141017141	addons.webextension.screenshots@mozilla.org	WARN	Loading extension 'screenshots@mozilla.org': Reading manifest: Invalid extension permission: about:reader*
1581141019737	Marionette	INFO	Listening on port 44689
1581141019765	Marionette	WARN	TLS certificate errors will be ignored for this session
Marionette threw an error: TypeError: this.curBrowser.contentBrowser is null
GeckoDriver.prototype.get@chrome://marionette/content/driver.js:1136:3

1581141021168	Marionette	ERROR	[21] No reply from Marionette:Register
1581141030454	Marionette	INFO	Stopped listening on port 44689
1581141031812	mozrunner::runner	INFO	Running command: "/usr/bin/firefox" "-marionette" "-foreground" "-no-remote" "-profile" "/tmp/rust_mozprofiledRW7xu"
1581141032306	addons.webextension.doh-rollout@mozilla.org	WARN	Loading extension 'doh-rollout@mozilla.org': Reading manifest: Invalid extension permission: networkStatus
1581141032548	addons.webextension.screenshots@mozilla.org	WARN	Loading extension 'screenshots@mozilla.org': Reading manifest: Invalid extension permission: mozillaAddons
1581141032548	addons.webextension.screenshots@mozilla.org	WARN	Loading extension 'screenshots@mozilla.org': Reading manifest: Invalid extension permission: telemetry
1581141032549	addons.webextension.screenshots@mozilla.org	WARN	Loading extension 'screenshots@mozilla.org': Reading manifest: Invalid extension permission: resource://pdf.js/
1581141032549	addons.webextension.screenshots@mozilla.org	WARN	Loading extension 'screenshots@mozilla.org': Reading manifest: Invalid extension permission: about:reader*
1581141034496	Marionette	INFO	Listening on port 45187
1581141034522	Marionette	WARN	TLS certificate errors will be ignored for this session
JavaScript error: https://www.rottentomatoes.com/m/southland_tales/reviews?type=user line 1651 > scriptElement, line 1: ReferenceError: sc is not defined
JavaScript error: https://www.rottentomatoes.com/assets/pizza-pie/javascripts/bundles/blueKai.706f0047416.js, line 1: ReferenceError: bk_addPageCtx is not defined
JavaScript error: https://www.rottentomatoes.com/m/southland_tales/reviews?type=user line 1521 > scriptElement, line 1: ReferenceError: sc is not defined
Exiting due to channel error.
Exiting due to channel error.
Exiting due to channel error.
1581141305705	mozrunner::runner	INFO	Running command: "/usr/bin/firefox" "-marionette" "-foreground" "-no-remote" "-profile" "/tmp/rust_mozprofileHe9Rf8"
1581141306175	addons.webextension.doh-rollout@mozilla.org	WARN	Loading extension 'doh-rollout@mozilla.org': Reading manifest: Invalid extension permission: networkStatus
1581141306336	addons.webextension.screenshots@mozilla.org	WARN	Loading extension 'screenshots@mozilla.org': Reading manifest: Invalid extension permission: mozillaAddons
1581141306337	addons.webextension.screenshots@mozilla.org	WARN	Loading extension 'screenshots@mozilla.org': Reading manifest: Invalid extension permission: telemetry
1581141306337	addons.webextension.screenshots@mozilla.org	WARN	Loading extension 'screenshots@mozilla.org': Reading manifest: Invalid extension permission: resource://pdf.js/
1581141306337	addons.webextension.screenshots@mozilla.org	WARN	Loading extension 'screenshots@mozilla.org': Reading manifest: Invalid extension permission: about:reader*
1581141308535	Marionette	INFO	Listening on port 45975
1581141308617	Marionette	WARN	TLS certificate errors will be ignored for this session
JavaScript error: https://www.rottentomatoes.com/m/1019026_simon/reviews?type=user line 1651 > scriptElement, line 1: ReferenceError: sc is not defined
JavaScript error: https://www.rottentomatoes.com/assets/pizza-pie/javascripts/bundles/blueKai.706f0047416.js, line 1: ReferenceError: bk_addPageCtx is not defined
JavaScript error: https://www.rottentomatoes.com/m/1019026_simon/reviews?type=user line 1521 > scriptElement, line 1: ReferenceError: sc is not defined
1581141330696	Marionette	INFO	Stopped listening on port 45975
1581141434617	mozrunner::runner	INFO	Running command: "/usr/bin/firefox" "-marionette" "-foreground" "-no-remote" "-profile" "/tmp/rust_mozprofileT28Tru"
1581141435230	addons.webextension.doh-rollout@mozilla.org	WARN	Loading extension 'doh-rollout@mozilla.org': Reading manifest: Invalid extension permission: networkStatus
1581141435389	addons.webextension.screenshots@mozilla.org	WARN	Loading extension 'screenshots@mozilla.org': Reading manifest: Invalid extension permission: mozillaAddons
1581141435390	addons.webextension.screenshots@mozilla.org	WARN	Loading extension 'screenshots@mozilla.org': Reading manifest: Invalid extension permission: telemetry
1581141435390	addons.webextension.screenshots@mozilla.org	WARN	Loading extension 'screenshots@mozilla.org': Reading manifest: Invalid extension permission: resource://pdf.js/
1581141435390	addons.webextension.screenshots@mozilla.org	WARN	Loading extension 'screenshots@mozilla.org': Reading manifest: Invalid extension permission: about:reader*
1581141437316	Marionette	INFO	Listening on port 38295
1581141437334	Marionette	WARN	TLS certificate errors will be ignored for this session
JavaScript error: https://www.rottentomatoes.com/m/1019026_simon/reviews?type=user line 1651 > scriptElement, line 1: ReferenceError: sc is not defined
JavaScript error: https://www.rottentomatoes.com/assets/pizza-pie/javascripts/bundles/blueKai.706f0047416.js, line 1: ReferenceError: bk_addPageCtx is not defined
JavaScript error: https://www.rottentomatoes.com/m/1019026_simon/reviews?type=user line 1521 > scriptElement, line 1: ReferenceError: sc is not defined
1581141459734	Marionette	INFO	Stopped listening on port 38295
1581141555180	mozrunner::runner	INFO	Running command: "/usr/bin/firefox" "-marionette" "-foreground" "-no-remote" "-profile" "/tmp/rust_mozprofile545uob"
1581141555896	addons.webextension.doh-rollout@mozilla.org	WARN	Loading extension 'doh-rollout@mozilla.org': Reading manifest: Invalid extension permission: networkStatus
1581141556152	addons.webextension.screenshots@mozilla.org	WARN	Loading extension 'screenshots@mozilla.org': Reading manifest: Invalid extension permission: mozillaAddons
1581141556152	addons.webextension.screenshots@mozilla.org	WARN	Loading extension 'screenshots@mozilla.org': Reading manifest: Invalid extension permission: telemetry
1581141556152	addons.webextension.screenshots@mozilla.org	WARN	Loading extension 'screenshots@mozilla.org': Reading manifest: Invalid extension permission: resource://pdf.js/
1581141556152	addons.webextension.screenshots@mozilla.org	WARN	Loading extension 'screenshots@mozilla.org': Reading manifest: Invalid extension permission: about:reader*
1581141558419	Marionette	INFO	Listening on port 35075
1581141558491	Marionette	WARN	TLS certificate errors will be ignored for this session
JavaScript error: https://www.rottentomatoes.com/m/1019026_simon/reviews?type=user line 1651 > scriptElement, line 1: ReferenceError: sc is not defined
JavaScript error: https://www.rottentomatoes.com/assets/pizza-pie/javascripts/bundles/blueKai.706f0047416.js, line 1: ReferenceError: bk_addPageCtx is not defined
JavaScript error: https://www.rottentomatoes.com/m/1019026_simon/reviews?type=user line 1521 > scriptElement, line 1: ReferenceError: sc is not defined
1581141583533	Marionette	INFO	Stopped listening on port 35075
1581142018567	mozrunner::runner	INFO	Running command: "/usr/bin/firefox" "-marionette" "-foreground" "-no-remote" "-profile" "/tmp/rust_mozprofileyuwABJ"
1581142019096	addons.webextension.doh-rollout@mozilla.org	WARN	Loading extension 'doh-rollout@mozilla.org': Reading manifest: Invalid extension permission: networkStatus
1581142019264	addons.webextension.screenshots@mozilla.org	WARN	Loading extension 'screenshots@mozilla.org': Reading manifest: Invalid extension permission: mozillaAddons
1581142019264	addons.webextension.screenshots@mozilla.org	WARN	Loading extension 'screenshots@mozilla.org': Reading manifest: Invalid extension permission: telemetry
1581142019264	addons.webextension.screenshots@mozilla.org	WARN	Loading extension 'screenshots@mozilla.org': Reading manifest: Invalid extension permission: resource://pdf.js/
1581142019264	addons.webextension.screenshots@mozilla.org	WARN	Loading extension 'screenshots@mozilla.org': Reading manifest: Invalid extension permission: about:reader*
1581142021420	Marionette	INFO	Listening on port 45671
1581142021513	Marionette	WARN	TLS certificate errors will be ignored for this session
1581142080898	Marionette	INFO	Stopped listening on port 45671
1581142085110	mozrunner::runner	INFO	Running command: "/usr/bin/firefox" "-marionette" "-foreground" "-no-remote" "-profile" "/tmp/rust_mozprofilekKCDfI"
1581142085592	addons.webextension.doh-rollout@mozilla.org	WARN	Loading extension 'doh-rollout@mozilla.org': Reading manifest: Invalid extension permission: networkStatus
1581142085764	addons.webextension.screenshots@mozilla.org	WARN	Loading extension 'screenshots@mozilla.org': Reading manifest: Invalid extension permission: mozillaAddons
1581142085764	addons.webextension.screenshots@mozilla.org	WARN	Loading extension 'screenshots@mozilla.org': Reading manifest: Invalid extension permission: telemetry
1581142085764	addons.webextension.screenshots@mozilla.org	WARN	Loading extension 'screenshots@mozilla.org': Reading manifest: Invalid extension permission: resource://pdf.js/
1581142085764	addons.webextension.screenshots@mozilla.org	WARN	Loading extension 'screenshots@mozilla.org': Reading manifest: Invalid extension permission: about:reader*
1581142087798	Marionette	INFO	Listening on port 40637
1581142087821	Marionette	WARN	TLS certificate errors will be ignored for this session
1581142114317	mozrunner::runner	INFO	Running command: "/usr/bin/firefox" "-marionette" "-foreground" "-no-remote" "-profile" "/tmp/rust_mozprofilex2oPJI"
1581142114778	addons.webextension.doh-rollout@mozilla.org	WARN	Loading extension 'doh-rollout@mozilla.org': Reading manifest: Invalid extension permission: networkStatus
1581142114938	addons.webextension.screenshots@mozilla.org	WARN	Loading extension 'screenshots@mozilla.org': Reading manifest: Invalid extension permission: mozillaAddons
1581142114938	addons.webextension.screenshots@mozilla.org	WARN	Loading extension 'screenshots@mozilla.org': Reading manifest: Invalid extension permission: telemetry
1581142114939	addons.webextension.screenshots@mozilla.org	WARN	Loading extension 'screenshots@mozilla.org': Reading manifest: Invalid extension permission: resource://pdf.js/
1581142114939	addons.webextension.screenshots@mozilla.org	WARN	Loading extension 'screenshots@mozilla.org': Reading manifest: Invalid extension permission: about:reader*
1581142117108	Marionette	INFO	Listening on port 39361
1581142117131	Marionette	WARN	TLS certificate errors will be ignored for this session
1581142122840	Marionette	INFO	Stopped listening on port 40637
1581142223878	mozrunner::runner	INFO	Running command: "/usr/bin/firefox" "-marionette" "-foreground" "-no-remote" "-profile" "/tmp/rust_mozprofileAhuKXB"
1581142224466	addons.webextension.doh-rollout@mozilla.org	WARN	Loading extension 'doh-rollout@mozilla.org': Reading manifest: Invalid extension permission: networkStatus
1581142224628	addons.webextension.screenshots@mozilla.org	WARN	Loading extension 'screenshots@mozilla.org': Reading manifest: Invalid extension permission: mozillaAddons
1581142224628	addons.webextension.screenshots@mozilla.org	WARN	Loading extension 'screenshots@mozilla.org': Reading manifest: Invalid extension permission: telemetry
1581142224628	addons.webextension.screenshots@mozilla.org	WARN	Loading extension 'screenshots@mozilla.org': Reading manifest: Invalid extension permission: resource://pdf.js/
1581142224628	addons.webextension.screenshots@mozilla.org	WARN	Loading extension 'screenshots@mozilla.org': Reading manifest: Invalid extension permission: about:reader*
1581142227100	Marionette	INFO	Listening on port 37651
1581142227150	Marionette	WARN	TLS certificate errors will be ignored for this session
1581142241157	Marionette	INFO	Stopped listening on port 39361
1581142260963	mozrunner::runner	INFO	Running command: "/usr/bin/firefox" "-marionette" "-foreground" "-no-remote" "-profile" "/tmp/rust_mozprofileg6XIHE"
1581142261607	addons.webextension.doh-rollout@mozilla.org	WARN	Loading extension 'doh-rollout@mozilla.org': Reading manifest: Invalid extension permission: networkStatus
1581142261776	addons.webextension.screenshots@mozilla.org	WARN	Loading extension 'screenshots@mozilla.org': Reading manifest: Invalid extension permission: mozillaAddons
1581142261776	addons.webextension.screenshots@mozilla.org	WARN	Loading extension 'screenshots@mozilla.org': Reading manifest: Invalid extension permission: telemetry
1581142261776	addons.webextension.screenshots@mozilla.org	WARN	Loading extension 'screenshots@mozilla.org': Reading manifest: Invalid extension permission: resource://pdf.js/
1581142261777	addons.webextension.screenshots@mozilla.org	WARN	Loading extension 'screenshots@mozilla.org': Reading manifest: Invalid extension permission: about:reader*
1581142264225	Marionette	INFO	Listening on port 40631
1581142264284	Marionette	WARN	TLS certificate errors will be ignored for this session
IPDL protocol error: Handler returned error code!

###!!! [Parent][DispatchAsyncMessage] Error: PLayerTransaction::Msg_ReleaseLayer Processing error: message was deserialized, but the handler returned false (indicating failure)

IPDL protocol error: Handler returned error code!

###!!! [Parent][DispatchAsyncMessage] Error: PLayerTransaction::Msg_ReleaseLayer Processing error: message was deserialized, but the handler returned false (indicating failure)

IPDL protocol error: Handler returned error code!

###!!! [Parent][DispatchAsyncMessage] Error: PLayerTransaction::Msg_ReleaseLayer Processing error: message was deserialized, but the handler returned false (indicating failure)

IPDL protocol error: Handler returned error code!

###!!! [Parent][DispatchAsyncMessage] Error: PLayerTransaction::Msg_ReleaseLayer Processing error: message was deserialized, but the handler returned false (indicating failure)

1581142269437	Marionette	INFO	Stopped listening on port 37651
1581142321878	mozrunner::runner	INFO	Running command: "/usr/bin/firefox" "-marionette" "-foreground" "-no-remote" "-profile" "/tmp/rust_mozprofileZd3FK1"
1581142322382	addons.webextension.doh-rollout@mozilla.org	WARN	Loading extension 'doh-rollout@mozilla.org': Reading manifest: Invalid extension permission: networkStatus
1581142322576	addons.webextension.screenshots@mozilla.org	WARN	Loading extension 'screenshots@mozilla.org': Reading manifest: Invalid extension permission: mozillaAddons
1581142322576	addons.webextension.screenshots@mozilla.org	WARN	Loading extension 'screenshots@mozilla.org': Reading manifest: Invalid extension permission: telemetry
1581142322576	addons.webextension.screenshots@mozilla.org	WARN	Loading extension 'screenshots@mozilla.org': Reading manifest: Invalid extension permission: resource://pdf.js/
1581142322576	addons.webextension.screenshots@mozilla.org	WARN	Loading extension 'screenshots@mozilla.org': Reading manifest: Invalid extension permission: about:reader*
1581142324913	Marionette	INFO	Listening on port 34595
1581142325023	Marionette	WARN	TLS certificate errors will be ignored for this session
1581142432580	mozrunner::runner	INFO	Running command: "/usr/bin/firefox" "-marionette" "-foreground" "-no-remote" "-profile" "/tmp/rust_mozprofilemKhot4"
1581142433066	addons.webextension.doh-rollout@mozilla.org	WARN	Loading extension 'doh-rollout@mozilla.org': Reading manifest: Invalid extension permission: networkStatus
1581142433229	addons.webextension.screenshots@mozilla.org	WARN	Loading extension 'screenshots@mozilla.org': Reading manifest: Invalid extension permission: mozillaAddons
1581142433229	addons.webextension.screenshots@mozilla.org	WARN	Loading extension 'screenshots@mozilla.org': Reading manifest: Invalid extension permission: telemetry
1581142433229	addons.webextension.screenshots@mozilla.org	WARN	Loading extension 'screenshots@mozilla.org': Reading manifest: Invalid extension permission: resource://pdf.js/
1581142433229	addons.webextension.screenshots@mozilla.org	WARN	Loading extension 'screenshots@mozilla.org': Reading manifest: Invalid extension permission: about:reader*
1581142435420	Marionette	INFO	Listening on port 37565
1581142435490	Marionette	WARN	TLS certificate errors will be ignored for this session
1581142438885	Marionette	INFO	Stopped listening on port 40631
1581142457917	Marionette	INFO	Stopped listening on port 34595
JavaScript error: https://in.bookmyshow.com/ahmedabad/movies/jawaani-jaaneman/ET00104334, line 1: ReferenceError: showTab is not defined
1581142518735	mozrunner::runner	INFO	Running command: "/usr/bin/firefox" "-marionette" "-foreground" "-no-remote" "-profile" "/tmp/rust_mozprofileCpPBkC"
1581142519378	addons.webextension.doh-rollout@mozilla.org	WARN	Loading extension 'doh-rollout@mozilla.org': Reading manifest: Invalid extension permission: networkStatus
1581142519540	addons.webextension.screenshots@mozilla.org	WARN	Loading extension 'screenshots@mozilla.org': Reading manifest: Invalid extension permission: mozillaAddons
1581142519540	addons.webextension.screenshots@mozilla.org	WARN	Loading extension 'screenshots@mozilla.org': Reading manifest: Invalid extension permission: telemetry
1581142519540	addons.webextension.screenshots@mozilla.org	WARN	Loading extension 'screenshots@mozilla.org': Reading manifest: Invalid extension permission: resource://pdf.js/
1581142519540	addons.webextension.screenshots@mozilla.org	WARN	Loading extension 'screenshots@mozilla.org': Reading manifest: Invalid extension permission: about:reader*
1581142521683	Marionette	INFO	Listening on port 46551
1581142521761	Marionette	WARN	TLS certificate errors will be ignored for this session
1581142930488	mozrunner::runner	INFO	Running command: "/usr/bin/firefox" "-marionette" "-foreground" "-no-remote" "-profile" "/tmp/rust_mozprofile4hAn7B"
1581142931047	addons.webextension.doh-rollout@mozilla.org	WARN	Loading extension 'doh-rollout@mozilla.org': Reading manifest: Invalid extension permission: networkStatus
1581142931220	addons.webextension.screenshots@mozilla.org	WARN	Loading extension 'screenshots@mozilla.org': Reading manifest: Invalid extension permission: mozillaAddons
1581142931220	addons.webextension.screenshots@mozilla.org	WARN	Loading extension 'screenshots@mozilla.org': Reading manifest: Invalid extension permission: telemetry
1581142931220	addons.webextension.screenshots@mozilla.org	WARN	Loading extension 'screenshots@mozilla.org': Reading manifest: Invalid extension permission: resource://pdf.js/
1581142931220	addons.webextension.screenshots@mozilla.org	WARN	Loading extension 'screenshots@mozilla.org': Reading manifest: Invalid extension permission: about:reader*
1581142933816	Marionette	INFO	Listening on port 33251
1581142933909	Marionette	WARN	TLS certificate errors will be ignored for this session
1581142935555	Marionette	INFO	Stopped listening on port 37565
JavaScript error: resource://gre/modules/XULStore.jsm, line 66: Error: Can't find profile directory.
1581142987293	mozrunner::runner	INFO	Running command: "/usr/bin/firefox" "-marionette" "-foreground" "-no-remote" "-profile" "/tmp/rust_mozprofileAtDv1u"
1581142988023	addons.webextension.doh-rollout@mozilla.org	WARN	Loading extension 'doh-rollout@mozilla.org': Reading manifest: Invalid extension permission: networkStatus
1581142988189	addons.webextension.screenshots@mozilla.org	WARN	Loading extension 'screenshots@mozilla.org': Reading manifest: Invalid extension permission: mozillaAddons
1581142988189	addons.webextension.screenshots@mozilla.org	WARN	Loading extension 'screenshots@mozilla.org': Reading manifest: Invalid extension permission: telemetry
1581142988189	addons.webextension.screenshots@mozilla.org	WARN	Loading extension 'screenshots@mozilla.org': Reading manifest: Invalid extension permission: resource://pdf.js/
1581142988189	addons.webextension.screenshots@mozilla.org	WARN	Loading extension 'screenshots@mozilla.org': Reading manifest: Invalid extension permission: about:reader*
1581142990507	Marionette	INFO	Listening on port 41815
1581142990605	Marionette	WARN	TLS certificate errors will be ignored for this session
1581143023117	Marionette	INFO	Stopped listening on port 33251
1581143031177	Marionette	INFO	Stopped listening on port 41815
1581143069258	mozrunner::runner	INFO	Running command: "/usr/bin/firefox" "-marionette" "-foreground" "-no-remote" "-profile" "/tmp/rust_mozprofileZVwS5P"
1581143069720	addons.webextension.doh-rollout@mozilla.org	WARN	Loading extension 'doh-rollout@mozilla.org': Reading manifest: Invalid extension permission: networkStatus
1581143069878	addons.webextension.screenshots@mozilla.org	WARN	Loading extension 'screenshots@mozilla.org': Reading manifest: Invalid extension permission: mozillaAddons
1581143069878	addons.webextension.screenshots@mozilla.org	WARN	Loading extension 'screenshots@mozilla.org': Reading manifest: Invalid extension permission: telemetry
1581143069878	addons.webextension.screenshots@mozilla.org	WARN	Loading extension 'screenshots@mozilla.org': Reading manifest: Invalid extension permission: resource://pdf.js/
1581143069878	addons.webextension.screenshots@mozilla.org	WARN	Loading extension 'screenshots@mozilla.org': Reading manifest: Invalid extension permission: about:reader*
1581143072186	Marionette	INFO	Listening on port 35023
1581143072268	Marionette	WARN	TLS certificate errors will be ignored for this session
1581143256626	mozrunner::runner	INFO	Running command: "/usr/bin/firefox" "-marionette" "-foreground" "-no-remote" "-profile" "/tmp/rust_mozprofileOyCc7a"
1581143256990	Marionette	INFO	Stopped listening on port 35023
1581143257560	addons.webextension.doh-rollout@mozilla.org	WARN	Loading extension 'doh-rollout@mozilla.org': Reading manifest: Invalid extension permission: networkStatus
1581143257808	addons.webextension.screenshots@mozilla.org	WARN	Loading extension 'screenshots@mozilla.org': Reading manifest: Invalid extension permission: mozillaAddons
1581143257808	addons.webextension.screenshots@mozilla.org	WARN	Loading extension 'screenshots@mozilla.org': Reading manifest: Invalid extension permission: telemetry
1581143257808	addons.webextension.screenshots@mozilla.org	WARN	Loading extension 'screenshots@mozilla.org': Reading manifest: Invalid extension permission: resource://pdf.js/
1581143257809	addons.webextension.screenshots@mozilla.org	WARN	Loading extension 'screenshots@mozilla.org': Reading manifest: Invalid extension permission: about:reader*
1581143260266	Marionette	INFO	Listening on port 42531
1581143260342	Marionette	WARN	TLS certificate errors will be ignored for this session
Exiting due to channel error.
Exiting due to channel error.
Exiting due to channel error.
1581143300813	mozrunner::runner	INFO	Running command: "/usr/bin/firefox" "-marionette" "-foreground" "-no-remote" "-profile" "/tmp/rust_mozprofileJevdlC"
1581143301346	addons.webextension.doh-rollout@mozilla.org	WARN	Loading extension 'doh-rollout@mozilla.org': Reading manifest: Invalid extension permission: networkStatus
1581143301508	addons.webextension.screenshots@mozilla.org	WARN	Loading extension 'screenshots@mozilla.org': Reading manifest: Invalid extension permission: mozillaAddons
1581143301508	addons.webextension.screenshots@mozilla.org	WARN	Loading extension 'screenshots@mozilla.org': Reading manifest: Invalid extension permission: telemetry
1581143301509	addons.webextension.screenshots@mozilla.org	WARN	Loading extension 'screenshots@mozilla.org': Reading manifest: Invalid extension permission: resource://pdf.js/
1581143301509	addons.webextension.screenshots@mozilla.org	WARN	Loading extension 'screenshots@mozilla.org': Reading manifest: Invalid extension permission: about:reader*
1581143303784	Marionette	INFO	Listening on port 33929
1581143303828	Marionette	WARN	TLS certificate errors will be ignored for this session
1581143661993	mozrunner::runner	INFO	Running command: "/usr/bin/firefox" "-marionette" "-foreground" "-no-remote" "-profile" "/tmp/rust_mozprofilehRhwCx"
1581143662690	addons.webextension.doh-rollout@mozilla.org	WARN	Loading extension 'doh-rollout@mozilla.org': Reading manifest: Invalid extension permission: networkStatus
1581143662912	addons.webextension.screenshots@mozilla.org	WARN	Loading extension 'screenshots@mozilla.org': Reading manifest: Invalid extension permission: mozillaAddons
1581143662912	addons.webextension.screenshots@mozilla.org	WARN	Loading extension 'screenshots@mozilla.org': Reading manifest: Invalid extension permission: telemetry
1581143662912	addons.webextension.screenshots@mozilla.org	WARN	Loading extension 'screenshots@mozilla.org': Reading manifest: Invalid extension permission: resource://pdf.js/
1581143662912	addons.webextension.screenshots@mozilla.org	WARN	Loading extension 'screenshots@mozilla.org': Reading manifest: Invalid extension permission: about:reader*
1581143665642	Marionette	INFO	Listening on port 45333
1581143665708	Marionette	WARN	TLS certificate errors will be ignored for this session

###!!! [Child][RunMessage] Error: Channel closing: too late to send/recv, messages will be lost

1581143666610	Marionette	INFO	Stopped listening on port 33929
1581143741771	mozrunner::runner	INFO	Running command: "/usr/bin/firefox" "-marionette" "-foreground" "-no-remote" "-profile" "/tmp/rust_mozprofileMH1WP8"
1581143742310	addons.webextension.doh-rollout@mozilla.org	WARN	Loading extension 'doh-rollout@mozilla.org': Reading manifest: Invalid extension permission: networkStatus
1581143742478	addons.webextension.screenshots@mozilla.org	WARN	Loading extension 'screenshots@mozilla.org': Reading manifest: Invalid extension permission: mozillaAddons
1581143742478	addons.webextension.screenshots@mozilla.org	WARN	Loading extension 'screenshots@mozilla.org': Reading manifest: Invalid extension permission: telemetry
1581143742478	addons.webextension.screenshots@mozilla.org	WARN	Loading extension 'screenshots@mozilla.org': Reading manifest: Invalid extension permission: resource://pdf.js/
1581143742479	addons.webextension.screenshots@mozilla.org	WARN	Loading extension 'screenshots@mozilla.org': Reading manifest: Invalid extension permission: about:reader*
1581143744835	Marionette	INFO	Listening on port 40039
1581143744889	Marionette	WARN	TLS certificate errors will be ignored for this session
1581143747269	Marionette	INFO	Stopped listening on port 45333
1581143792738	Marionette	INFO	Stopped listening on port 40039
1581144046526	mozrunner::runner	INFO	Running command: "/usr/bin/firefox" "-marionette" "-foreground" "-no-remote" "-profile" "/tmp/rust_mozprofile7Nqfzz"
1581144047094	addons.webextension.doh-rollout@mozilla.org	WARN	Loading extension 'doh-rollout@mozilla.org': Reading manifest: Invalid extension permission: networkStatus
1581144047266	addons.webextension.screenshots@mozilla.org	WARN	Loading extension 'screenshots@mozilla.org': Reading manifest: Invalid extension permission: mozillaAddons
1581144047266	addons.webextension.screenshots@mozilla.org	WARN	Loading extension 'screenshots@mozilla.org': Reading manifest: Invalid extension permission: telemetry
1581144047266	addons.webextension.screenshots@mozilla.org	WARN	Loading extension 'screenshots@mozilla.org': Reading manifest: Invalid extension permission: resource://pdf.js/
1581144047266	addons.webextension.screenshots@mozilla.org	WARN	Loading extension 'screenshots@mozilla.org': Reading manifest: Invalid extension permission: about:reader*
1581144049732	Marionette	INFO	Listening on port 34159
1581144049749	Marionette	WARN	TLS certificate errors will be ignored for this session
Exiting due to channel error.
Exiting due to channel error.
Exiting due to channel error.
1581144074940	mozrunner::runner	INFO	Running command: "/usr/bin/firefox" "-marionette" "-foreground" "-no-remote" "-profile" "/tmp/rust_mozprofileWV46cf"
1581144075537	addons.webextension.doh-rollout@mozilla.org	WARN	Loading extension 'doh-rollout@mozilla.org': Reading manifest: Invalid extension permission: networkStatus
1581144075711	addons.webextension.screenshots@mozilla.org	WARN	Loading extension 'screenshots@mozilla.org': Reading manifest: Invalid extension permission: mozillaAddons
1581144075711	addons.webextension.screenshots@mozilla.org	WARN	Loading extension 'screenshots@mozilla.org': Reading manifest: Invalid extension permission: telemetry
1581144075711	addons.webextension.screenshots@mozilla.org	WARN	Loading extension 'screenshots@mozilla.org': Reading manifest: Invalid extension permission: resource://pdf.js/
1581144075711	addons.webextension.screenshots@mozilla.org	WARN	Loading extension 'screenshots@mozilla.org': Reading manifest: Invalid extension permission: about:reader*
1581144078459	Marionette	INFO	Listening on port 33501
1581144078553	Marionette	WARN	TLS certificate errors will be ignored for this session
1581144131369	Marionette	INFO	Stopped listening on port 33501

###!!! [Child][RunMessage] Error: Channel closing: too late to send/recv, messages will be lost


###!!! [Child][RunMessage] Error: Channel closing: too late to send/recv, messages will be lost


###!!! [Child][RunMessage] Error: Channel closing: too late to send/recv, messages will be lost


###!!! [Child][RunMessage] Error: Channel closing: too late to send/recv, messages will be lost


###!!! [Child][RunMessage] Error: Channel closing: too late to send/recv, messages will be lost

1581144170616	mozrunner::runner	INFO	Running command: "/usr/bin/firefox" "-marionette" "-foreground" "-no-remote" "-profile" "/tmp/rust_mozprofilesinWqT"
1581144171162	addons.webextension.doh-rollout@mozilla.org	WARN	Loading extension 'doh-rollout@mozilla.org': Reading manifest: Invalid extension permission: networkStatus
1581144171322	addons.webextension.screenshots@mozilla.org	WARN	Loading extension 'screenshots@mozilla.org': Reading manifest: Invalid extension permission: mozillaAddons
1581144171322	addons.webextension.screenshots@mozilla.org	WARN	Loading extension 'screenshots@mozilla.org': Reading manifest: Invalid extension permission: telemetry
1581144171322	addons.webextension.screenshots@mozilla.org	WARN	Loading extension 'screenshots@mozilla.org': Reading manifest: Invalid extension permission: resource://pdf.js/
1581144171322	addons.webextension.screenshots@mozilla.org	WARN	Loading extension 'screenshots@mozilla.org': Reading manifest: Invalid extension permission: about:reader*
1581144173705	Marionette	INFO	Listening on port 46299
1581144173727	Marionette	WARN	TLS certificate errors will be ignored for this session
1581144237429	Marionette	INFO	Stopped listening on port 46299

###!!! [Child][MessageChannel] Error: (msgtype=0x370126,name=PContent::Msg_ScriptError) Channel closing: too late to send/recv, messages will be lost


###!!! [Child][MessageChannel] Error: (msgtype=0xB00006,name=PWebSocket::Msg_DeleteSelf) Channel closing: too late to send/recv, messages will be lost

1581144275381	mozrunner::runner	INFO	Running command: "/usr/bin/firefox" "-marionette" "-foreground" "-no-remote" "-profile" "/tmp/rust_mozprofileQtb92C"
1581144275897	addons.webextension.doh-rollout@mozilla.org	WARN	Loading extension 'doh-rollout@mozilla.org': Reading manifest: Invalid extension permission: networkStatus
1581144276059	addons.webextension.screenshots@mozilla.org	WARN	Loading extension 'screenshots@mozilla.org': Reading manifest: Invalid extension permission: mozillaAddons
1581144276059	addons.webextension.screenshots@mozilla.org	WARN	Loading extension 'screenshots@mozilla.org': Reading manifest: Invalid extension permission: telemetry
1581144276059	addons.webextension.screenshots@mozilla.org	WARN	Loading extension 'screenshots@mozilla.org': Reading manifest: Invalid extension permission: resource://pdf.js/
1581144276060	addons.webextension.screenshots@mozilla.org	WARN	Loading extension 'screenshots@mozilla.org': Reading manifest: Invalid extension permission: about:reader*
1581144278251	Marionette	INFO	Listening on port 44597
1581144278292	Marionette	WARN	TLS certificate errors will be ignored for this session

###!!! [Child][MessageChannel] Error: (msgtype=0x670029,name=PNecko::Msg_RemoveRequestContext) Channel closing: too late to send/recv, messages will be lost

1581144281916	Marionette	INFO	Stopped listening on port 46551
1581144312353	mozrunner::runner	INFO	Running command: "/usr/bin/firefox" "-marionette" "-foreground" "-no-remote" "-profile" "/tmp/rust_mozprofilexlTkTj"
1581144312884	addons.webextension.doh-rollout@mozilla.org	WARN	Loading extension 'doh-rollout@mozilla.org': Reading manifest: Invalid extension permission: networkStatus
1581144313044	addons.webextension.screenshots@mozilla.org	WARN	Loading extension 'screenshots@mozilla.org': Reading manifest: Invalid extension permission: mozillaAddons
1581144313044	addons.webextension.screenshots@mozilla.org	WARN	Loading extension 'screenshots@mozilla.org': Reading manifest: Invalid extension permission: telemetry
1581144313044	addons.webextension.screenshots@mozilla.org	WARN	Loading extension 'screenshots@mozilla.org': Reading manifest: Invalid extension permission: resource://pdf.js/
1581144313044	addons.webextension.screenshots@mozilla.org	WARN	Loading extension 'screenshots@mozilla.org': Reading manifest: Invalid extension permission: about:reader*
1581144315291	Marionette	INFO	Listening on port 44393
1581144315366	Marionette	WARN	TLS certificate errors will be ignored for this session
1581144341416	Marionette	INFO	Stopped listening on port 44393
IPDL protocol error: Handler returned error code!

###!!! [Parent][DispatchAsyncMessage] Error: PLayerTransaction::Msg_ReleaseLayer Processing error: message was deserialized, but the handler returned false (indicating failure)

1581144445354	mozrunner::runner	INFO	Running command: "/usr/bin/firefox" "-marionette" "-foreground" "-no-remote" "-profile" "/tmp/rust_mozprofileoYr5tt"
1581144445874	addons.webextension.doh-rollout@mozilla.org	WARN	Loading extension 'doh-rollout@mozilla.org': Reading manifest: Invalid extension permission: networkStatus
1581144446047	addons.webextension.screenshots@mozilla.org	WARN	Loading extension 'screenshots@mozilla.org': Reading manifest: Invalid extension permission: mozillaAddons
1581144446047	addons.webextension.screenshots@mozilla.org	WARN	Loading extension 'screenshots@mozilla.org': Reading manifest: Invalid extension permission: telemetry
1581144446047	addons.webextension.screenshots@mozilla.org	WARN	Loading extension 'screenshots@mozilla.org': Reading manifest: Invalid extension permission: resource://pdf.js/
1581144446047	addons.webextension.screenshots@mozilla.org	WARN	Loading extension 'screenshots@mozilla.org': Reading manifest: Invalid extension permission: about:reader*
1581144448364	Marionette	INFO	Listening on port 39957
1581144448465	Marionette	WARN	TLS certificate errors will be ignored for this session
1581144475687	Marionette	INFO	Stopped listening on port 39957
IPDL protocol error: Handler returned error code!

###!!! [Parent][DispatchAsyncMessage] Error: PLayerTransaction::Msg_ReleaseLayer Processing error: message was deserialized, but the handler returned false (indicating failure)

JavaScript warning: https://www.geeksforgeeks.org/wp-content/themes/iconic-one/js/gfg.min.js?ver=10.33, line 94: unreachable code after return statement
JavaScript warning: https://www.geeksforgeeks.org/wp-content/themes/iconic-one/js/gfg.min.js?ver=10.33, line 94: unreachable code after return statement
1581144597367	mozrunner::runner	INFO	Running command: "/usr/bin/firefox" "-marionette" "-foreground" "-no-remote" "-profile" "/tmp/rust_mozprofilekdGlgg"
1581144598030	addons.webextension.doh-rollout@mozilla.org	WARN	Loading extension 'doh-rollout@mozilla.org': Reading manifest: Invalid extension permission: networkStatus
1581144598240	addons.webextension.screenshots@mozilla.org	WARN	Loading extension 'screenshots@mozilla.org': Reading manifest: Invalid extension permission: mozillaAddons
1581144598240	addons.webextension.screenshots@mozilla.org	WARN	Loading extension 'screenshots@mozilla.org': Reading manifest: Invalid extension permission: telemetry
1581144598241	addons.webextension.screenshots@mozilla.org	WARN	Loading extension 'screenshots@mozilla.org': Reading manifest: Invalid extension permission: resource://pdf.js/
1581144598241	addons.webextension.screenshots@mozilla.org	WARN	Loading extension 'screenshots@mozilla.org': Reading manifest: Invalid extension permission: about:reader*
1581144600872	Marionette	INFO	Listening on port 34451
1581144600898	Marionette	WARN	TLS certificate errors will be ignored for this session
1581144656932	Marionette	INFO	Stopped listening on port 34451
JavaScript error: https://m.media-amazon.com/images/G/01/imdb/js/collections/title-3874043417._CB424069971_.js, line 24: TypeError: a.fn.appear.checks[b] is not a function
JavaScript error: https://in.bookmyshow.com/ahmedabad/movies/joker/ET00100071, line 1: ReferenceError: showTab is not defined
JavaScript error: https://in.bookmyshow.com/ahmedabad/movies/joker/ET00100071/critic-reviews, line 1: ReferenceError: showTab is not defined
JavaScript error: https://www.rottentomatoes.com/assets/pizza-pie/javascripts/bundles/blueKai.706f0047416.js, line 1: ReferenceError: bk_addPageCtx is not defined
JavaScript error: https://www.rottentomatoes.com/assets/pizza-pie/javascripts/bundles/blueKai.706f0047416.js, line 1: ReferenceError: bk_addPageCtx is not defined
JavaScript error: https://www.rottentomatoes.com/assets/pizza-pie/javascripts/bundles/blueKai.706f0047416.js, line 1: ReferenceError: bk_addPageCtx is not defined
JavaScript error: https://www.rottentomatoes.com/m/joker_2019/reviews?type=user line 1651 > scriptElement, line 1: ReferenceError: sc is not defined
JavaScript error: https://www.rottentomatoes.com/m/joker_2019/reviews?type=user line 1521 > scriptElement, line 1: ReferenceError: sc is not defined
1581145321589	mozrunner::runner	INFO	Running command: "/usr/bin/firefox" "-marionette" "-foreground" "-no-remote" "-profile" "/tmp/rust_mozprofileMmouxN"
1581145322061	addons.webextension.doh-rollout@mozilla.org	WARN	Loading extension 'doh-rollout@mozilla.org': Reading manifest: Invalid extension permission: networkStatus
1581145322224	addons.webextension.screenshots@mozilla.org	WARN	Loading extension 'screenshots@mozilla.org': Reading manifest: Invalid extension permission: mozillaAddons
1581145322224	addons.webextension.screenshots@mozilla.org	WARN	Loading extension 'screenshots@mozilla.org': Reading manifest: Invalid extension permission: telemetry
1581145322224	addons.webextension.screenshots@mozilla.org	WARN	Loading extension 'screenshots@mozilla.org': Reading manifest: Invalid extension permission: resource://pdf.js/
1581145322224	addons.webextension.screenshots@mozilla.org	WARN	Loading extension 'screenshots@mozilla.org': Reading manifest: Invalid extension permission: about:reader*
1581145324497	Marionette	INFO	Listening on port 38699
1581145324600	Marionette	WARN	TLS certificate errors will be ignored for this session
JavaScript error: https://m.media-amazon.com/images/G/01/imdb/js/collections/user-reviews-3694191219._CB449519486_.js, line 90: TypeError: this.widget is null
JavaScript error: https://m.media-amazon.com/images/G/01/imdb/js/collections/user-reviews-3694191219._CB449519486_.js, line 90: TypeError: this.widget is null
JavaScript error: https://m.media-amazon.com/images/G/01/imdb/js/collections/user-reviews-3694191219._CB449519486_.js, line 90: TypeError: this.widget is null
JavaScript error: https://m.media-amazon.com/images/G/01/imdb/js/collections/user-reviews-3694191219._CB449519486_.js, line 90: TypeError: this.widget is null
JavaScript error: https://m.media-amazon.com/images/G/01/imdb/js/collections/user-reviews-3694191219._CB449519486_.js, line 90: TypeError: this.widget is null
JavaScript error: https://m.media-amazon.com/images/G/01/imdb/js/collections/user-reviews-3694191219._CB449519486_.js, line 90: TypeError: this.widget is null
JavaScript error: https://m.media-amazon.com/images/G/01/imdb/js/collections/user-reviews-3694191219._CB449519486_.js, line 90: TypeError: this.widget is null
JavaScript error: https://m.media-amazon.com/images/G/01/imdb/js/collections/user-reviews-3694191219._CB449519486_.js, line 90: TypeError: this.widget is null
JavaScript error: https://m.media-amazon.com/images/G/01/imdb/js/collections/user-reviews-3694191219._CB449519486_.js, line 90: TypeError: this.widget is null
JavaScript error: https://m.media-amazon.com/images/G/01/imdb/js/collections/user-reviews-3694191219._CB449519486_.js, line 90: TypeError: this.widget is null
JavaScript error: https://m.media-amazon.com/images/G/01/imdb/js/collections/user-reviews-3694191219._CB449519486_.js, line 90: TypeError: this.widget is null
JavaScript error: https://m.media-amazon.com/images/G/01/imdb/js/collections/user-reviews-3694191219._CB449519486_.js, line 90: TypeError: this.widget is null
JavaScript error: https://m.media-amazon.com/images/G/01/imdb/js/collections/user-reviews-3694191219._CB449519486_.js, line 90: TypeError: this.widget is null
JavaScript error: https://m.media-amazon.com/images/G/01/imdb/js/collections/user-reviews-3694191219._CB449519486_.js, line 90: TypeError: this.widget is null
JavaScript error: https://m.media-amazon.com/images/G/01/imdb/js/collections/user-reviews-3694191219._CB449519486_.js, line 90: TypeError: this.widget is null
JavaScript error: https://m.media-amazon.com/images/G/01/imdb/js/collections/user-reviews-3694191219._CB449519486_.js, line 90: TypeError: this.widget is null
JavaScript error: https://m.media-amazon.com/images/G/01/imdb/js/collections/user-reviews-3694191219._CB449519486_.js, line 90: TypeError: this.widget is null
JavaScript error: https://m.media-amazon.com/images/G/01/imdb/js/collections/user-reviews-3694191219._CB449519486_.js, line 90: TypeError: this.widget is null
JavaScript error: https://m.media-amazon.com/images/G/01/imdb/js/collections/user-reviews-3694191219._CB449519486_.js, line 90: TypeError: this.widget is null
JavaScript error: https://m.media-amazon.com/images/G/01/imdb/js/collections/user-reviews-3694191219._CB449519486_.js, line 90: TypeError: this.widget is null
JavaScript error: https://m.media-amazon.com/images/G/01/imdb/js/collections/user-reviews-3694191219._CB449519486_.js, line 90: TypeError: this.widget is null
JavaScript error: https://m.media-amazon.com/images/G/01/imdb/js/collections/user-reviews-3694191219._CB449519486_.js, line 90: TypeError: this.widget is null
JavaScript error: https://m.media-amazon.com/images/G/01/imdb/js/collections/user-reviews-3694191219._CB449519486_.js, line 90: TypeError: this.widget is null
JavaScript error: https://m.media-amazon.com/images/G/01/imdb/js/collections/user-reviews-3694191219._CB449519486_.js, line 90: TypeError: this.widget is null
JavaScript error: https://m.media-amazon.com/images/G/01/imdb/js/collections/user-reviews-3694191219._CB449519486_.js, line 90: TypeError: this.widget is null
JavaScript error: https://m.media-amazon.com/images/G/01/imdb/js/collections/user-reviews-3694191219._CB449519486_.js, line 90: TypeError: this.widget is null
JavaScript error: https://m.media-amazon.com/images/G/01/imdb/js/collections/user-reviews-3694191219._CB449519486_.js, line 90: TypeError: this.widget is null
JavaScript error: https://m.media-amazon.com/images/G/01/imdb/js/collections/user-reviews-3694191219._CB449519486_.js, line 90: TypeError: this.widget is null
JavaScript error: https://m.media-amazon.com/images/G/01/imdb/js/collections/user-reviews-3694191219._CB449519486_.js, line 90: TypeError: this.widget is null
JavaScript error: https://m.media-amazon.com/images/G/01/imdb/js/collections/user-reviews-3694191219._CB449519486_.js, line 90: TypeError: this.widget is null
JavaScript error: https://m.media-amazon.com/images/G/01/imdb/js/collections/user-reviews-3694191219._CB449519486_.js, line 90: TypeError: this.widget is null
JavaScript error: https://m.media-amazon.com/images/G/01/imdb/js/collections/user-reviews-3694191219._CB449519486_.js, line 90: TypeError: this.widget is null
JavaScript error: https://m.media-amazon.com/images/G/01/imdb/js/collections/user-reviews-3694191219._CB449519486_.js, line 90: TypeError: this.widget is null
JavaScript error: https://m.media-amazon.com/images/G/01/imdb/js/collections/user-reviews-3694191219._CB449519486_.js, line 90: TypeError: this.widget is null
JavaScript error: https://m.media-amazon.com/images/G/01/imdb/js/collections/user-reviews-3694191219._CB449519486_.js, line 90: TypeError: this.widget is null
JavaScript error: https://m.media-amazon.com/images/G/01/imdb/js/collections/user-reviews-3694191219._CB449519486_.js, line 90: TypeError: this.widget is null
JavaScript error: https://m.media-amazon.com/images/G/01/imdb/js/collections/user-reviews-3694191219._CB449519486_.js, line 90: TypeError: this.widget is null
JavaScript error: https://m.media-amazon.com/images/G/01/imdb/js/collections/user-reviews-3694191219._CB449519486_.js, line 90: TypeError: this.widget is null
JavaScript error: https://www.rottentomatoes.com/assets/pizza-pie/javascripts/bundles/blueKai.706f0047416.js, line 1: ReferenceError: bk_addPageCtx is not defined
JavaScript error: https://www.rottentomatoes.com/search/?search=birds%20of%20prey line 1521 > scriptElement, line 1: ReferenceError: sc is not defined
JavaScript error: https://www.rottentomatoes.com/m/birds_of_prey_2020 line 1651 > scriptElement, line 14: TypeError: document.querySelector(...) is null
JavaScript error: https://www.rottentomatoes.com/assets/pizza-pie/javascripts/bundles/blueKai.706f0047416.js, line 1: ReferenceError: bk_addPageCtx is not defined
JavaScript error: https://www.rottentomatoes.com/assets/pizza-pie/javascripts/bundles/blueKai.706f0047416.js, line 1: ReferenceError: bk_addPageCtx is not defined
JavaScript error: https://www.rottentomatoes.com/m/birds_of_prey_2020/reviews?type=user line 1651 > scriptElement, line 1: ReferenceError: sc is not defined
JavaScript error: https://www.rottentomatoes.com/m/birds_of_prey_2020/reviews?type=user line 1521 > scriptElement, line 1: ReferenceError: sc is not defined
JavaScript warning: https://www.rottentomatoes.com/assets/pizza-pie/javascripts/bundles/vendor.17c61fb905b.js, line 1: Error: Script terminated by timeout at:
xa.fn.extend@https://www.rottentomatoes.com/assets/pizza-pie/javascripts/bundles/vendor.17c61fb905b.js:1:15009
simulate@https://www.rottentomatoes.com/assets/pizza-pie/javascripts/bundles/vendor.17c61fb905b.js:3:9357
c@https://www.rottentomatoes.com/assets/pizza-pie/javascripts/bundles/vendor.17c61fb905b.js:3:9708

1581145906635	mozrunner::runner	INFO	Running command: "/usr/bin/firefox" "-marionette" "-foreground" "-no-remote" "-profile" "/tmp/rust_mozprofiledRADzB"
1581145907107	addons.webextension.doh-rollout@mozilla.org	WARN	Loading extension 'doh-rollout@mozilla.org': Reading manifest: Invalid extension permission: networkStatus
1581145907278	addons.webextension.screenshots@mozilla.org	WARN	Loading extension 'screenshots@mozilla.org': Reading manifest: Invalid extension permission: mozillaAddons
1581145907278	addons.webextension.screenshots@mozilla.org	WARN	Loading extension 'screenshots@mozilla.org': Reading manifest: Invalid extension permission: telemetry
1581145907278	addons.webextension.screenshots@mozilla.org	WARN	Loading extension 'screenshots@mozilla.org': Reading manifest: Invalid extension permission: resource://pdf.js/
1581145907278	addons.webextension.screenshots@mozilla.org	WARN	Loading extension 'screenshots@mozilla.org': Reading manifest: Invalid extension permission: about:reader*
1581145909795	Marionette	INFO	Listening on port 45315
1581145909851	Marionette	WARN	TLS certificate errors will be ignored for this session
1581145915358	Marionette	INFO	Stopped listening on port 38699
1581145917679	Marionette	INFO	Stopped listening on port 45315
1581145941609	mozrunner::runner	INFO	Running command: "/usr/bin/firefox" "-marionette" "-foreground" "-no-remote" "-profile" "/tmp/rust_mozprofileDwodhP"
1581145942184	addons.webextension.doh-rollout@mozilla.org	WARN	Loading extension 'doh-rollout@mozilla.org': Reading manifest: Invalid extension permission: networkStatus
1581145942357	addons.webextension.screenshots@mozilla.org	WARN	Loading extension 'screenshots@mozilla.org': Reading manifest: Invalid extension permission: mozillaAddons
1581145942357	addons.webextension.screenshots@mozilla.org	WARN	Loading extension 'screenshots@mozilla.org': Reading manifest: Invalid extension permission: telemetry
1581145942357	addons.webextension.screenshots@mozilla.org	WARN	Loading extension 'screenshots@mozilla.org': Reading manifest: Invalid extension permission: resource://pdf.js/
1581145942358	addons.webextension.screenshots@mozilla.org	WARN	Loading extension 'screenshots@mozilla.org': Reading manifest: Invalid extension permission: about:reader*
1581145944589	Marionette	INFO	Listening on port 44129
1581145944622	Marionette	WARN	TLS certificate errors will be ignored for this session
1581145948895	Marionette	INFO	Stopped listening on port 44129
1581145963289	Marionette	INFO	Stopped listening on port 44597
1581146270232	mozrunner::runner	INFO	Running command: "/usr/bin/firefox" "-marionette" "-foreground" "-no-remote" "-profile" "/tmp/rust_mozprofile37ircM"
1581146270711	addons.webextension.doh-rollout@mozilla.org	WARN	Loading extension 'doh-rollout@mozilla.org': Reading manifest: Invalid extension permission: networkStatus
1581146270878	addons.webextension.screenshots@mozilla.org	WARN	Loading extension 'screenshots@mozilla.org': Reading manifest: Invalid extension permission: mozillaAddons
1581146270878	addons.webextension.screenshots@mozilla.org	WARN	Loading extension 'screenshots@mozilla.org': Reading manifest: Invalid extension permission: telemetry
1581146270878	addons.webextension.screenshots@mozilla.org	WARN	Loading extension 'screenshots@mozilla.org': Reading manifest: Invalid extension permission: resource://pdf.js/
1581146270878	addons.webextension.screenshots@mozilla.org	WARN	Loading extension 'screenshots@mozilla.org': Reading manifest: Invalid extension permission: about:reader*
1581146273541	Marionette	INFO	Listening on port 42277
1581146273645	Marionette	WARN	TLS certificate errors will be ignored for this session
JavaScript error: https://m.media-amazon.com/images/G/01/imdb/js/collections/user-reviews-3694191219._CB449519486_.js, line 90: TypeError: this.widget is null
JavaScript error: https://m.media-amazon.com/images/G/01/imdb/js/collections/user-reviews-3694191219._CB449519486_.js, line 90: TypeError: this.widget is null
JavaScript error: https://m.media-amazon.com/images/G/01/imdb/js/collections/user-reviews-3694191219._CB449519486_.js, line 90: TypeError: this.widget is null
JavaScript error: https://m.media-amazon.com/images/G/01/imdb/js/collections/user-reviews-3694191219._CB449519486_.js, line 90: TypeError: this.widget is null
JavaScript error: https://m.media-amazon.com/images/G/01/imdb/js/collections/user-reviews-3694191219._CB449519486_.js, line 90: TypeError: this.widget is null
JavaScript error: https://m.media-amazon.com/images/G/01/imdb/js/collections/user-reviews-3694191219._CB449519486_.js, line 90: TypeError: this.widget is null
JavaScript error: https://m.media-amazon.com/images/G/01/imdb/js/collections/user-reviews-3694191219._CB449519486_.js, line 90: TypeError: this.widget is null
JavaScript error: https://m.media-amazon.com/images/G/01/imdb/js/collections/user-reviews-3694191219._CB449519486_.js, line 90: TypeError: this.widget is null
JavaScript error: https://m.media-amazon.com/images/G/01/imdb/js/collections/user-reviews-3694191219._CB449519486_.js, line 90: TypeError: this.widget is null
JavaScript error: https://m.media-amazon.com/images/G/01/imdb/js/collections/user-reviews-3694191219._CB449519486_.js, line 90: TypeError: this.widget is null
JavaScript error: https://m.media-amazon.com/images/G/01/imdb/js/collections/user-reviews-3694191219._CB449519486_.js, line 90: TypeError: this.widget is null
JavaScript error: https://m.media-amazon.com/images/G/01/imdb/js/collections/user-reviews-3694191219._CB449519486_.js, line 90: TypeError: this.widget is null
JavaScript error: https://m.media-amazon.com/images/G/01/imdb/js/collections/user-reviews-3694191219._CB449519486_.js, line 90: TypeError: this.widget is null
JavaScript error: https://m.media-amazon.com/images/G/01/imdb/js/collections/user-reviews-3694191219._CB449519486_.js, line 90: TypeError: this.widget is null
JavaScript error: https://m.media-amazon.com/images/G/01/imdb/js/collections/user-reviews-3694191219._CB449519486_.js, line 90: TypeError: this.widget is null
JavaScript error: https://m.media-amazon.com/images/G/01/imdb/js/collections/user-reviews-3694191219._CB449519486_.js, line 90: TypeError: this.widget is null
JavaScript error: https://m.media-amazon.com/images/G/01/imdb/js/collections/user-reviews-3694191219._CB449519486_.js, line 90: TypeError: this.widget is null
JavaScript error: https://m.media-amazon.com/images/G/01/imdb/js/collections/user-reviews-3694191219._CB449519486_.js, line 90: TypeError: this.widget is null
JavaScript error: https://m.media-amazon.com/images/G/01/imdb/js/collections/user-reviews-3694191219._CB449519486_.js, line 90: TypeError: this.widget is null
JavaScript error: https://m.media-amazon.com/images/G/01/imdb/js/collections/user-reviews-3694191219._CB449519486_.js, line 90: TypeError: this.widget is null
1581146427367	Marionette	INFO	Stopped listening on port 42277
1581146873512	mozrunner::runner	INFO	Running command: "/usr/bin/firefox" "-marionette" "-foreground" "-no-remote" "-profile" "/tmp/rust_mozprofileyayijO"
1581146873805	addons.webextension.doh-rollout@mozilla.org	WARN	Loading extension 'doh-rollout@mozilla.org': Reading manifest: Invalid extension permission: networkStatus
1581146873916	addons.webextension.screenshots@mozilla.org	WARN	Loading extension 'screenshots@mozilla.org': Reading manifest: Invalid extension permission: mozillaAddons
1581146873916	addons.webextension.screenshots@mozilla.org	WARN	Loading extension 'screenshots@mozilla.org': Reading manifest: Invalid extension permission: telemetry
1581146873917	addons.webextension.screenshots@mozilla.org	WARN	Loading extension 'screenshots@mozilla.org': Reading manifest: Invalid extension permission: resource://pdf.js/
1581146873917	addons.webextension.screenshots@mozilla.org	WARN	Loading extension 'screenshots@mozilla.org': Reading manifest: Invalid extension permission: about:reader*
1581146875184	Marionette	INFO	Listening on port 43669
1581146875218	Marionette	WARN	TLS certificate errors will be ignored for this session
JavaScript error: https://m.media-amazon.com/images/G/01/imdb/js/collections/user-reviews-3694191219._CB449519486_.js, line 90: TypeError: this.widget is null
JavaScript error: https://m.media-amazon.com/images/G/01/imdb/js/collections/user-reviews-3694191219._CB449519486_.js, line 90: TypeError: this.widget is null
JavaScript error: https://m.media-amazon.com/images/G/01/imdb/js/collections/user-reviews-3694191219._CB449519486_.js, line 90: TypeError: this.widget is null
JavaScript error: https://m.media-amazon.com/images/G/01/imdb/js/collections/user-reviews-3694191219._CB449519486_.js, line 90: TypeError: this.widget is null
JavaScript error: https://m.media-amazon.com/images/G/01/imdb/js/collections/user-reviews-3694191219._CB449519486_.js, line 90: TypeError: this.widget is null
JavaScript error: https://m.media-amazon.com/images/G/01/imdb/js/collections/user-reviews-3694191219._CB449519486_.js, line 90: TypeError: this.widget is null
JavaScript error: https://m.media-amazon.com/images/G/01/imdb/js/collections/user-reviews-3694191219._CB449519486_.js, line 90: TypeError: this.widget is null
JavaScript error: https://m.media-amazon.com/images/G/01/imdb/js/collections/user-reviews-3694191219._CB449519486_.js, line 90: TypeError: this.widget is null
JavaScript error: https://m.media-amazon.com/images/G/01/imdb/js/collections/user-reviews-3694191219._CB449519486_.js, line 90: TypeError: this.widget is null
JavaScript error: https://m.media-amazon.com/images/G/01/imdb/js/collections/user-reviews-3694191219._CB449519486_.js, line 90: TypeError: this.widget is null
JavaScript error: https://m.media-amazon.com/images/G/01/imdb/js/collections/user-reviews-3694191219._CB449519486_.js, line 90: TypeError: this.widget is null
1581146961042	Marionette	INFO	Stopped listening on port 43669
1581146962670	mozrunner::runner	INFO	Running command: "/usr/bin/firefox" "-marionette" "-foreground" "-no-remote" "-profile" "/tmp/rust_mozprofileZ3bzdH"
1581146962967	addons.webextension.doh-rollout@mozilla.org	WARN	Loading extension 'doh-rollout@mozilla.org': Reading manifest: Invalid extension permission: networkStatus
1581146963079	addons.webextension.screenshots@mozilla.org	WARN	Loading extension 'screenshots@mozilla.org': Reading manifest: Invalid extension permission: mozillaAddons
1581146963079	addons.webextension.screenshots@mozilla.org	WARN	Loading extension 'screenshots@mozilla.org': Reading manifest: Invalid extension permission: telemetry
1581146963079	addons.webextension.screenshots@mozilla.org	WARN	Loading extension 'screenshots@mozilla.org': Reading manifest: Invalid extension permission: resource://pdf.js/
1581146963079	addons.webextension.screenshots@mozilla.org	WARN	Loading extension 'screenshots@mozilla.org': Reading manifest: Invalid extension permission: about:reader*
1581146964632	Marionette	INFO	Listening on port 41279
1581146964682	Marionette	WARN	TLS certificate errors will be ignored for this session
1581147046527	mozrunner::runner	INFO	Running command: "/usr/bin/firefox" "-marionette" "-foreground" "-no-remote" "-profile" "/tmp/rust_mozprofile5f55Qk"
1581147046822	addons.webextension.doh-rollout@mozilla.org	WARN	Loading extension 'doh-rollout@mozilla.org': Reading manifest: Invalid extension permission: networkStatus
1581147046932	addons.webextension.screenshots@mozilla.org	WARN	Loading extension 'screenshots@mozilla.org': Reading manifest: Invalid extension permission: mozillaAddons
1581147046932	addons.webextension.screenshots@mozilla.org	WARN	Loading extension 'screenshots@mozilla.org': Reading manifest: Invalid extension permission: telemetry
1581147046933	addons.webextension.screenshots@mozilla.org	WARN	Loading extension 'screenshots@mozilla.org': Reading manifest: Invalid extension permission: resource://pdf.js/
1581147046933	addons.webextension.screenshots@mozilla.org	WARN	Loading extension 'screenshots@mozilla.org': Reading manifest: Invalid extension permission: about:reader*
1581147048188	Marionette	INFO	Listening on port 46087
1581147048234	Marionette	WARN	TLS certificate errors will be ignored for this session
1581147050113	Marionette	INFO	Stopped listening on port 41279
JavaScript error: https://m.media-amazon.com/images/G/01/imdb/js/collections/user-reviews-3694191219._CB449519486_.js, line 90: TypeError: this.widget is null
JavaScript error: https://m.media-amazon.com/images/G/01/imdb/js/collections/user-reviews-3694191219._CB449519486_.js, line 90: TypeError: this.widget is null
JavaScript error: https://m.media-amazon.com/images/G/01/imdb/js/collections/user-reviews-3694191219._CB449519486_.js, line 90: TypeError: this.widget is null
JavaScript error: https://m.media-amazon.com/images/G/01/imdb/js/collections/user-reviews-3694191219._CB449519486_.js, line 90: TypeError: this.widget is null
JavaScript error: https://m.media-amazon.com/images/G/01/imdb/js/collections/user-reviews-3694191219._CB449519486_.js, line 90: TypeError: this.widget is null
JavaScript error: https://m.media-amazon.com/images/G/01/imdb/js/collections/user-reviews-3694191219._CB449519486_.js, line 90: TypeError: this.widget is null
JavaScript error: https://m.media-amazon.com/images/G/01/imdb/js/collections/user-reviews-3694191219._CB449519486_.js, line 90: TypeError: this.widget is null
JavaScript error: https://m.media-amazon.com/images/G/01/imdb/js/collections/user-reviews-3694191219._CB449519486_.js, line 90: TypeError: this.widget is null
JavaScript error: https://m.media-amazon.com/images/G/01/imdb/js/collections/user-reviews-3694191219._CB449519486_.js, line 90: TypeError: this.widget is null
JavaScript error: https://m.media-amazon.com/images/G/01/imdb/js/collections/user-reviews-3694191219._CB449519486_.js, line 90: TypeError: this.widget is null
JavaScript error: https://m.media-amazon.com/images/G/01/imdb/js/collections/user-reviews-3694191219._CB449519486_.js, line 90: TypeError: this.widget is null
1581147090502	Marionette	INFO	Stopped listening on port 46087

###!!! [Child][RunMessage] Error: Channel closing: too late to send/recv, messages will be lost

1581147092130	mozrunner::runner	INFO	Running command: "/usr/bin/firefox" "-marionette" "-foreground" "-no-remote" "-profile" "/tmp/rust_mozprofileHVNbch"
1581147092421	addons.webextension.doh-rollout@mozilla.org	WARN	Loading extension 'doh-rollout@mozilla.org': Reading manifest: Invalid extension permission: networkStatus
1581147092534	addons.webextension.screenshots@mozilla.org	WARN	Loading extension 'screenshots@mozilla.org': Reading manifest: Invalid extension permission: mozillaAddons
1581147092534	addons.webextension.screenshots@mozilla.org	WARN	Loading extension 'screenshots@mozilla.org': Reading manifest: Invalid extension permission: telemetry
1581147092534	addons.webextension.screenshots@mozilla.org	WARN	Loading extension 'screenshots@mozilla.org': Reading manifest: Invalid extension permission: resource://pdf.js/
1581147092534	addons.webextension.screenshots@mozilla.org	WARN	Loading extension 'screenshots@mozilla.org': Reading manifest: Invalid extension permission: about:reader*
1581147094060	Marionette	INFO	Listening on port 33639
1581147094143	Marionette	WARN	TLS certificate errors will be ignored for this session
JavaScript error: https://www.rottentomatoes.com/assets/pizza-pie/javascripts/bundles/blueKai.706f0047416.js, line 1: ReferenceError: bk_addPageCtx is not defined
JavaScript error: https://www.rottentomatoes.com/m/birds_of_prey_2020/reviews?type=user line 1651 > scriptElement, line 1: ReferenceError: sc is not defined
JavaScript error: https://www.rottentomatoes.com/m/birds_of_prey_2020/reviews?type=user line 1521 > scriptElement, line 1: ReferenceError: sc is not defined
1581147109236	Marionette	INFO	Stopped listening on port 33639
1581147113930	mozrunner::runner	INFO	Running command: "/usr/bin/firefox" "-marionette" "-foreground" "-no-remote" "-profile" "/tmp/rust_mozprofile58icIe"
1581147114222	addons.webextension.doh-rollout@mozilla.org	WARN	Loading extension 'doh-rollout@mozilla.org': Reading manifest: Invalid extension permission: networkStatus
1581147114334	addons.webextension.screenshots@mozilla.org	WARN	Loading extension 'screenshots@mozilla.org': Reading manifest: Invalid extension permission: mozillaAddons
1581147114334	addons.webextension.screenshots@mozilla.org	WARN	Loading extension 'screenshots@mozilla.org': Reading manifest: Invalid extension permission: telemetry
1581147114334	addons.webextension.screenshots@mozilla.org	WARN	Loading extension 'screenshots@mozilla.org': Reading manifest: Invalid extension permission: resource://pdf.js/
1581147114334	addons.webextension.screenshots@mozilla.org	WARN	Loading extension 'screenshots@mozilla.org': Reading manifest: Invalid extension permission: about:reader*
1581147115939	Marionette	INFO	Listening on port 42835
1581147116041	Marionette	WARN	TLS certificate errors will be ignored for this session
1581147224101	mozrunner::runner	INFO	Running command: "/usr/bin/firefox" "-marionette" "-foreground" "-no-remote" "-profile" "/tmp/rust_mozprofileP86RNZ"
1581147224397	addons.webextension.doh-rollout@mozilla.org	WARN	Loading extension 'doh-rollout@mozilla.org': Reading manifest: Invalid extension permission: networkStatus
1581147224509	addons.webextension.screenshots@mozilla.org	WARN	Loading extension 'screenshots@mozilla.org': Reading manifest: Invalid extension permission: mozillaAddons
1581147224509	addons.webextension.screenshots@mozilla.org	WARN	Loading extension 'screenshots@mozilla.org': Reading manifest: Invalid extension permission: telemetry
1581147224509	addons.webextension.screenshots@mozilla.org	WARN	Loading extension 'screenshots@mozilla.org': Reading manifest: Invalid extension permission: resource://pdf.js/
1581147224509	addons.webextension.screenshots@mozilla.org	WARN	Loading extension 'screenshots@mozilla.org': Reading manifest: Invalid extension permission: about:reader*
1581147226249	Marionette	INFO	Listening on port 44067
1581147226316	Marionette	WARN	TLS certificate errors will be ignored for this session
JavaScript error: https://m.media-amazon.com/images/G/01/imdb/js/collections/user-reviews-3694191219._CB449519486_.js, line 90: TypeError: this.widget is null
JavaScript error: https://m.media-amazon.com/images/G/01/imdb/js/collections/user-reviews-3694191219._CB449519486_.js, line 90: TypeError: this.widget is null
JavaScript error: https://m.media-amazon.com/images/G/01/imdb/js/collections/user-reviews-3694191219._CB449519486_.js, line 90: TypeError: this.widget is null
JavaScript error: https://m.media-amazon.com/images/G/01/imdb/js/collections/user-reviews-3694191219._CB449519486_.js, line 90: TypeError: this.widget is null
JavaScript error: https://m.media-amazon.com/images/G/01/imdb/js/collections/user-reviews-3694191219._CB449519486_.js, line 90: TypeError: this.widget is null
JavaScript error: https://m.media-amazon.com/images/G/01/imdb/js/collections/user-reviews-3694191219._CB449519486_.js, line 90: TypeError: this.widget is null
JavaScript error: https://m.media-amazon.com/images/G/01/imdb/js/collections/user-reviews-3694191219._CB449519486_.js, line 90: TypeError: this.widget is null
JavaScript error: https://m.media-amazon.com/images/G/01/imdb/js/collections/user-reviews-3694191219._CB449519486_.js, line 90: TypeError: this.widget is null
JavaScript error: https://m.media-amazon.com/images/G/01/imdb/js/collections/user-reviews-3694191219._CB449519486_.js, line 90: TypeError: this.widget is null
JavaScript error: https://m.media-amazon.com/images/G/01/imdb/js/collections/user-reviews-3694191219._CB449519486_.js, line 90: TypeError: this.widget is null
JavaScript error: https://m.media-amazon.com/images/G/01/imdb/js/collections/user-reviews-3694191219._CB449519486_.js, line 90: TypeError: this.widget is null
1581147269871	Marionette	INFO	Stopped listening on port 44067
1581147271655	mozrunner::runner	INFO	Running command: "/usr/bin/firefox" "-marionette" "-foreground" "-no-remote" "-profile" "/tmp/rust_mozprofileLiLAZ3"
1581147271946	addons.webextension.doh-rollout@mozilla.org	WARN	Loading extension 'doh-rollout@mozilla.org': Reading manifest: Invalid extension permission: networkStatus
1581147272057	addons.webextension.screenshots@mozilla.org	WARN	Loading extension 'screenshots@mozilla.org': Reading manifest: Invalid extension permission: mozillaAddons
1581147272057	addons.webextension.screenshots@mozilla.org	WARN	Loading extension 'screenshots@mozilla.org': Reading manifest: Invalid extension permission: telemetry
1581147272057	addons.webextension.screenshots@mozilla.org	WARN	Loading extension 'screenshots@mozilla.org': Reading manifest: Invalid extension permission: resource://pdf.js/
1581147272057	addons.webextension.screenshots@mozilla.org	WARN	Loading extension 'screenshots@mozilla.org': Reading manifest: Invalid extension permission: about:reader*
1581147273589	Marionette	INFO	Listening on port 44283
1581147273671	Marionette	WARN	TLS certificate errors will be ignored for this session
JavaScript error: https://www.rottentomatoes.com/assets/pizza-pie/javascripts/bundles/blueKai.706f0047416.js, line 1: ReferenceError: bk_addPageCtx is not defined
JavaScript error: https://www.rottentomatoes.com/m/birds_of_prey_2020/reviews?type=user line 1651 > scriptElement, line 1: ReferenceError: sc is not defined
JavaScript error: https://www.rottentomatoes.com/m/birds_of_prey_2020/reviews?type=user line 1521 > scriptElement, line 1: ReferenceError: sc is not defined
1581147415310	Marionette	WARN	TimedPromise timed out after 500 ms: stacktrace:
bail@chrome://marionette/content/sync.js:237:64
1581147419158	Marionette	WARN	TimedPromise timed out after 500 ms: stacktrace:
bail@chrome://marionette/content/sync.js:237:64
1581147423004	Marionette	WARN	TimedPromise timed out after 500 ms: stacktrace:
bail@chrome://marionette/content/sync.js:237:64
1581147426815	Marionette	WARN	TimedPromise timed out after 500 ms: stacktrace:
bail@chrome://marionette/content/sync.js:237:64
1581147434165	Marionette	WARN	TimedPromise timed out after 500 ms: stacktrace:
bail@chrome://marionette/content/sync.js:237:64
1581147438091	Marionette	WARN	TimedPromise timed out after 500 ms: stacktrace:
bail@chrome://marionette/content/sync.js:237:64
1581147773110	Marionette	INFO	Stopped listening on port 44283
JavaScript error: chrome://browser/content/browser-customization.js, line 172: NS_ERROR_NOT_INITIALIZED: 
1581147774547	mozrunner::runner	INFO	Running command: "/usr/bin/firefox" "-marionette" "-foreground" "-no-remote" "-profile" "/tmp/rust_mozprofilemWz7kh"
1581147774848	addons.webextension.doh-rollout@mozilla.org	WARN	Loading extension 'doh-rollout@mozilla.org': Reading manifest: Invalid extension permission: networkStatus
1581147774961	addons.webextension.screenshots@mozilla.org	WARN	Loading extension 'screenshots@mozilla.org': Reading manifest: Invalid extension permission: mozillaAddons
1581147774961	addons.webextension.screenshots@mozilla.org	WARN	Loading extension 'screenshots@mozilla.org': Reading manifest: Invalid extension permission: telemetry
1581147774962	addons.webextension.screenshots@mozilla.org	WARN	Loading extension 'screenshots@mozilla.org': Reading manifest: Invalid extension permission: resource://pdf.js/
1581147774962	addons.webextension.screenshots@mozilla.org	WARN	Loading extension 'screenshots@mozilla.org': Reading manifest: Invalid extension permission: about:reader*
1581147776474	Marionette	INFO	Listening on port 41469
1581147776559	Marionette	WARN	TLS certificate errors will be ignored for this session
1581147852767	Marionette	INFO	Stopped listening on port 41469
