1581282928179	mozrunner::runner	INFO	Running command: "/Applications/Firefox.app/Contents/MacOS/firefox-bin" "-marionette" "-foreground" "-no-remote" "-profile" "/var/folders/mn/kltzh2w14rl_lrtv7dp63hsh0000gn/T/rust_mozprofileJhsm5q"
1581282928729	addons.webextension.doh-rollout@mozilla.org	WARN	Loading extension 'doh-rollout@mozilla.org': Reading manifest: Invalid extension permission: networkStatus
1581282928863	addons.webextension.screenshots@mozilla.org	WARN	Loading extension 'screenshots@mozilla.org': Reading manifest: Invalid extension permission: mozillaAddons
1581282928863	addons.webextension.screenshots@mozilla.org	WARN	Loading extension 'screenshots@mozilla.org': Reading manifest: Invalid extension permission: telemetry
1581282928864	addons.webextension.screenshots@mozilla.org	WARN	Loading extension 'screenshots@mozilla.org': Reading manifest: Invalid extension permission: resource://pdf.js/
1581282928864	addons.webextension.screenshots@mozilla.org	WARN	Loading extension 'screenshots@mozilla.org': Reading manifest: Invalid extension permission: about:reader*
1581282931254	Marionette	INFO	Listening on port 49730
1581282931340	Marionette	WARN	TLS certificate errors will be ignored for this session
1581282935852	Marionette	INFO	Stopped listening on port 49730
1581282939728	mozrunner::runner	INFO	Running command: "/Applications/Firefox.app/Contents/MacOS/firefox-bin" "-marionette" "-foreground" "-no-remote" "-profile" "/var/folders/mn/kltzh2w14rl_lrtv7dp63hsh0000gn/T/rust_mozprofile77ZfHJ"
1581282940334	addons.webextension.doh-rollout@mozilla.org	WARN	Loading extension 'doh-rollout@mozilla.org': Reading manifest: Invalid extension permission: networkStatus
1581282940482	addons.webextension.screenshots@mozilla.org	WARN	Loading extension 'screenshots@mozilla.org': Reading manifest: Invalid extension permission: mozillaAddons
1581282940482	addons.webextension.screenshots@mozilla.org	WARN	Loading extension 'screenshots@mozilla.org': Reading manifest: Invalid extension permission: telemetry
1581282940482	addons.webextension.screenshots@mozilla.org	WARN	Loading extension 'screenshots@mozilla.org': Reading manifest: Invalid extension permission: resource://pdf.js/
1581282940482	addons.webextension.screenshots@mozilla.org	WARN	Loading extension 'screenshots@mozilla.org': Reading manifest: Invalid extension permission: about:reader*
1581282942582	Marionette	INFO	Listening on port 49817
1581282942609	Marionette	WARN	TLS certificate errors will be ignored for this session
JavaScript error: https://www.rottentomatoes.com/assets/pizza-pie/javascripts/bundles/blueKai.706f0047416.js, line 1: ReferenceError: bk_addPageCtx is not defined
JavaScript error: https://www.rottentomatoes.com/m/birds_of_prey_2020/reviews?type=user line 1651 > scriptElement, line 1: ReferenceError: sc is not defined
JavaScript error: https://www.rottentomatoes.com/m/birds_of_prey_2020/reviews?type=user line 1521 > scriptElement, line 1: ReferenceError: sc is not defined
1581283020902	Marionette	WARN	TimedPromise timed out after 500 ms: stacktrace:
bail@chrome://marionette/content/sync.js:237:64
1581283024788	Marionette	WARN	TimedPromise timed out after 500 ms: stacktrace:
bail@chrome://marionette/content/sync.js:237:64
1581283028741	Marionette	WARN	TimedPromise timed out after 500 ms: stacktrace:
bail@chrome://marionette/content/sync.js:237:64
1581283036270	Marionette	WARN	TimedPromise timed out after 500 ms: stacktrace:
bail@chrome://marionette/content/sync.js:237:64
1581283040142	Marionette	WARN	TimedPromise timed out after 500 ms: stacktrace:
bail@chrome://marionette/content/sync.js:237:64
1581283044016	Marionette	WARN	TimedPromise timed out after 500 ms: stacktrace:
bail@chrome://marionette/content/sync.js:237:64
1581283047908	Marionette	WARN	TimedPromise timed out after 500 ms: stacktrace:
bail@chrome://marionette/content/sync.js:237:64
1581283051778	Marionette	WARN	TimedPromise timed out after 500 ms: stacktrace:
bail@chrome://marionette/content/sync.js:237:64
1581283055664	Marionette	WARN	TimedPromise timed out after 500 ms: stacktrace:
bail@chrome://marionette/content/sync.js:237:64
1581283059612	Marionette	WARN	TimedPromise timed out after 500 ms: stacktrace:
bail@chrome://marionette/content/sync.js:237:64
1581283063490	Marionette	WARN	TimedPromise timed out after 500 ms: stacktrace:
bail@chrome://marionette/content/sync.js:237:64
1581283071203	Marionette	WARN	TimedPromise timed out after 500 ms: stacktrace:
bail@chrome://marionette/content/sync.js:237:64
1581283075104	Marionette	WARN	TimedPromise timed out after 500 ms: stacktrace:
bail@chrome://marionette/content/sync.js:237:64
1581283082560	Marionette	WARN	TimedPromise timed out after 500 ms: stacktrace:
bail@chrome://marionette/content/sync.js:237:64
1581283086446	Marionette	WARN	TimedPromise timed out after 500 ms: stacktrace:
bail@chrome://marionette/content/sync.js:237:64
1581283090332	Marionette	WARN	TimedPromise timed out after 500 ms: stacktrace:
bail@chrome://marionette/content/sync.js:237:64
1581283097761	Marionette	WARN	TimedPromise timed out after 500 ms: stacktrace:
bail@chrome://marionette/content/sync.js:237:64
1581283101646	Marionette	WARN	TimedPromise timed out after 500 ms: stacktrace:
bail@chrome://marionette/content/sync.js:237:64
1581283105563	Marionette	WARN	TimedPromise timed out after 500 ms: stacktrace:
bail@chrome://marionette/content/sync.js:237:64
1581283109444	Marionette	WARN	TimedPromise timed out after 500 ms: stacktrace:
bail@chrome://marionette/content/sync.js:237:64
1581283117129	Marionette	WARN	TimedPromise timed out after 500 ms: stacktrace:
bail@chrome://marionette/content/sync.js:237:64
1581283121018	Marionette	WARN	TimedPromise timed out after 500 ms: stacktrace:
bail@chrome://marionette/content/sync.js:237:64
1581283981703	Marionette	INFO	Stopped listening on port 49817
1581283983605	mozrunner::runner	INFO	Running command: "/Applications/Firefox.app/Contents/MacOS/firefox-bin" "-marionette" "-foreground" "-no-remote" "-profile" "/var/folders/mn/kltzh2w14rl_lrtv7dp63hsh0000gn/T/rust_mozprofileKB2WQ0"
1581283984198	addons.webextension.doh-rollout@mozilla.org	WARN	Loading extension 'doh-rollout@mozilla.org': Reading manifest: Invalid extension permission: networkStatus
1581283984324	addons.webextension.screenshots@mozilla.org	WARN	Loading extension 'screenshots@mozilla.org': Reading manifest: Invalid extension permission: mozillaAddons
1581283984324	addons.webextension.screenshots@mozilla.org	WARN	Loading extension 'screenshots@mozilla.org': Reading manifest: Invalid extension permission: telemetry
1581283984324	addons.webextension.screenshots@mozilla.org	WARN	Loading extension 'screenshots@mozilla.org': Reading manifest: Invalid extension permission: resource://pdf.js/
1581283984325	addons.webextension.screenshots@mozilla.org	WARN	Loading extension 'screenshots@mozilla.org': Reading manifest: Invalid extension permission: about:reader*
1581283986409	Marionette	INFO	Listening on port 50057
1581283986470	Marionette	WARN	TLS certificate errors will be ignored for this session
1581284043823	Marionette	INFO	Stopped listening on port 50057
1581284607344	mozrunner::runner	INFO	Running command: "/Applications/Firefox.app/Contents/MacOS/firefox-bin" "-marionette" "-foreground" "-no-remote" "-profile" "/var/folders/mn/kltzh2w14rl_lrtv7dp63hsh0000gn/T/rust_mozprofileWlZMU8"
1581284607986	addons.webextension.doh-rollout@mozilla.org	WARN	Loading extension 'doh-rollout@mozilla.org': Reading manifest: Invalid extension permission: networkStatus
1581284608129	addons.webextension.screenshots@mozilla.org	WARN	Loading extension 'screenshots@mozilla.org': Reading manifest: Invalid extension permission: mozillaAddons
1581284608129	addons.webextension.screenshots@mozilla.org	WARN	Loading extension 'screenshots@mozilla.org': Reading manifest: Invalid extension permission: telemetry
1581284608129	addons.webextension.screenshots@mozilla.org	WARN	Loading extension 'screenshots@mozilla.org': Reading manifest: Invalid extension permission: resource://pdf.js/
1581284608129	addons.webextension.screenshots@mozilla.org	WARN	Loading extension 'screenshots@mozilla.org': Reading manifest: Invalid extension permission: about:reader*
1581284610370	Marionette	INFO	Listening on port 50407
1581284610427	Marionette	WARN	TLS certificate errors will be ignored for this session
1581284616277	Marionette	INFO	Stopped listening on port 50407
JavaScript error: https://m.media-amazon.com/images/G/01/imdb/js/collections/title-3874043417._CB424069971_.js, line 45: TypeError: a.location is null
1581284620191	mozrunner::runner	INFO	Running command: "/Applications/Firefox.app/Contents/MacOS/firefox-bin" "-marionette" "-foreground" "-no-remote" "-profile" "/var/folders/mn/kltzh2w14rl_lrtv7dp63hsh0000gn/T/rust_mozprofilekdNcVf"
1581284620807	addons.webextension.doh-rollout@mozilla.org	WARN	Loading extension 'doh-rollout@mozilla.org': Reading manifest: Invalid extension permission: networkStatus
1581284620942	addons.webextension.screenshots@mozilla.org	WARN	Loading extension 'screenshots@mozilla.org': Reading manifest: Invalid extension permission: mozillaAddons
1581284620942	addons.webextension.screenshots@mozilla.org	WARN	Loading extension 'screenshots@mozilla.org': Reading manifest: Invalid extension permission: telemetry
1581284620942	addons.webextension.screenshots@mozilla.org	WARN	Loading extension 'screenshots@mozilla.org': Reading manifest: Invalid extension permission: resource://pdf.js/
1581284620942	addons.webextension.screenshots@mozilla.org	WARN	Loading extension 'screenshots@mozilla.org': Reading manifest: Invalid extension permission: about:reader*
1581284623052	Marionette	INFO	Listening on port 50493
1581284623159	Marionette	WARN	TLS certificate errors will be ignored for this session
JavaScript error: https://www.rottentomatoes.com/assets/pizza-pie/javascripts/bundles/blueKai.706f0047416.js, line 1: ReferenceError: bk_addPageCtx is not defined
1581284720744	Marionette	INFO	Stopped listening on port 50493
1581284722679	mozrunner::runner	INFO	Running command: "/Applications/Firefox.app/Contents/MacOS/firefox-bin" "-marionette" "-foreground" "-no-remote" "-profile" "/var/folders/mn/kltzh2w14rl_lrtv7dp63hsh0000gn/T/rust_mozprofileXIGA6v"
1581284723577	addons.webextension.doh-rollout@mozilla.org	WARN	Loading extension 'doh-rollout@mozilla.org': Reading manifest: Invalid extension permission: networkStatus
1581284723779	addons.webextension.screenshots@mozilla.org	WARN	Loading extension 'screenshots@mozilla.org': Reading manifest: Invalid extension permission: mozillaAddons
1581284723779	addons.webextension.screenshots@mozilla.org	WARN	Loading extension 'screenshots@mozilla.org': Reading manifest: Invalid extension permission: telemetry
1581284723779	addons.webextension.screenshots@mozilla.org	WARN	Loading extension 'screenshots@mozilla.org': Reading manifest: Invalid extension permission: resource://pdf.js/
1581284723779	addons.webextension.screenshots@mozilla.org	WARN	Loading extension 'screenshots@mozilla.org': Reading manifest: Invalid extension permission: about:reader*
1581284726262	Marionette	INFO	Listening on port 50757
1581284726270	Marionette	WARN	TLS certificate errors will be ignored for this session
1581284923070	mozrunner::runner	INFO	Running command: "/Applications/Firefox.app/Contents/MacOS/firefox-bin" "-marionette" "-foreground" "-no-remote" "-profile" "/var/folders/mn/kltzh2w14rl_lrtv7dp63hsh0000gn/T/rust_mozprofile4aYBhX"
1581284923729	addons.webextension.doh-rollout@mozilla.org	WARN	Loading extension 'doh-rollout@mozilla.org': Reading manifest: Invalid extension permission: networkStatus
1581284923891	addons.webextension.screenshots@mozilla.org	WARN	Loading extension 'screenshots@mozilla.org': Reading manifest: Invalid extension permission: mozillaAddons
1581284923891	addons.webextension.screenshots@mozilla.org	WARN	Loading extension 'screenshots@mozilla.org': Reading manifest: Invalid extension permission: telemetry
1581284923891	addons.webextension.screenshots@mozilla.org	WARN	Loading extension 'screenshots@mozilla.org': Reading manifest: Invalid extension permission: resource://pdf.js/
1581284923891	addons.webextension.screenshots@mozilla.org	WARN	Loading extension 'screenshots@mozilla.org': Reading manifest: Invalid extension permission: about:reader*
1581284926050	Marionette	INFO	Listening on port 50829
1581284926146	Marionette	WARN	TLS certificate errors will be ignored for this session
1581284928558	Marionette	INFO	Stopped listening on port 50757
1581284931576	Marionette	INFO	Stopped listening on port 50829
1581284936464	mozrunner::runner	INFO	Running command: "/Applications/Firefox.app/Contents/MacOS/firefox-bin" "-marionette" "-foreground" "-no-remote" "-profile" "/var/folders/mn/kltzh2w14rl_lrtv7dp63hsh0000gn/T/rust_mozprofilee4DxmY"
1581284937076	addons.webextension.doh-rollout@mozilla.org	WARN	Loading extension 'doh-rollout@mozilla.org': Reading manifest: Invalid extension permission: networkStatus
1581284937215	addons.webextension.screenshots@mozilla.org	WARN	Loading extension 'screenshots@mozilla.org': Reading manifest: Invalid extension permission: mozillaAddons
1581284937215	addons.webextension.screenshots@mozilla.org	WARN	Loading extension 'screenshots@mozilla.org': Reading manifest: Invalid extension permission: telemetry
1581284937216	addons.webextension.screenshots@mozilla.org	WARN	Loading extension 'screenshots@mozilla.org': Reading manifest: Invalid extension permission: resource://pdf.js/
1581284937216	addons.webextension.screenshots@mozilla.org	WARN	Loading extension 'screenshots@mozilla.org': Reading manifest: Invalid extension permission: about:reader*
1581284939314	Marionette	INFO	Listening on port 50919
1581284939329	Marionette	WARN	TLS certificate errors will be ignored for this session
JavaScript error: https://www.rottentomatoes.com/assets/pizza-pie/javascripts/bundles/blueKai.706f0047416.js, line 1: ReferenceError: bk_addPageCtx is not defined
1581285031059	Marionette	INFO	Stopped listening on port 50919
1581285032987	mozrunner::runner	INFO	Running command: "/Applications/Firefox.app/Contents/MacOS/firefox-bin" "-marionette" "-foreground" "-no-remote" "-profile" "/var/folders/mn/kltzh2w14rl_lrtv7dp63hsh0000gn/T/rust_mozprofileo5ziU7"
1581285033546	addons.webextension.doh-rollout@mozilla.org	WARN	Loading extension 'doh-rollout@mozilla.org': Reading manifest: Invalid extension permission: networkStatus
1581285033703	addons.webextension.screenshots@mozilla.org	WARN	Loading extension 'screenshots@mozilla.org': Reading manifest: Invalid extension permission: mozillaAddons
1581285033703	addons.webextension.screenshots@mozilla.org	WARN	Loading extension 'screenshots@mozilla.org': Reading manifest: Invalid extension permission: telemetry
1581285033703	addons.webextension.screenshots@mozilla.org	WARN	Loading extension 'screenshots@mozilla.org': Reading manifest: Invalid extension permission: resource://pdf.js/
1581285033704	addons.webextension.screenshots@mozilla.org	WARN	Loading extension 'screenshots@mozilla.org': Reading manifest: Invalid extension permission: about:reader*
1581285035858	Marionette	INFO	Listening on port 51163
1581285035951	Marionette	WARN	TLS certificate errors will be ignored for this session
1581285152449	mozrunner::runner	INFO	Running command: "/Applications/Firefox.app/Contents/MacOS/firefox-bin" "-marionette" "-foreground" "-no-remote" "-profile" "/var/folders/mn/kltzh2w14rl_lrtv7dp63hsh0000gn/T/rust_mozprofileMqS91x"
1581285152968	addons.webextension.doh-rollout@mozilla.org	WARN	Loading extension 'doh-rollout@mozilla.org': Reading manifest: Invalid extension permission: networkStatus
1581285153096	addons.webextension.screenshots@mozilla.org	WARN	Loading extension 'screenshots@mozilla.org': Reading manifest: Invalid extension permission: mozillaAddons
1581285153096	addons.webextension.screenshots@mozilla.org	WARN	Loading extension 'screenshots@mozilla.org': Reading manifest: Invalid extension permission: telemetry
1581285153097	addons.webextension.screenshots@mozilla.org	WARN	Loading extension 'screenshots@mozilla.org': Reading manifest: Invalid extension permission: resource://pdf.js/
1581285153097	addons.webextension.screenshots@mozilla.org	WARN	Loading extension 'screenshots@mozilla.org': Reading manifest: Invalid extension permission: about:reader*
1581285155578	Marionette	INFO	Listening on port 51221
1581285155635	Marionette	WARN	TLS certificate errors will be ignored for this session
1581285161048	Marionette	INFO	Stopped listening on port 51221
1581285163967	mozrunner::runner	INFO	Running command: "/Applications/Firefox.app/Contents/MacOS/firefox-bin" "-marionette" "-foreground" "-no-remote" "-profile" "/var/folders/mn/kltzh2w14rl_lrtv7dp63hsh0000gn/T/rust_mozprofileHsIiH4"
1581285164589	addons.webextension.doh-rollout@mozilla.org	WARN	Loading extension 'doh-rollout@mozilla.org': Reading manifest: Invalid extension permission: networkStatus
1581285164719	addons.webextension.screenshots@mozilla.org	WARN	Loading extension 'screenshots@mozilla.org': Reading manifest: Invalid extension permission: mozillaAddons
1581285164719	addons.webextension.screenshots@mozilla.org	WARN	Loading extension 'screenshots@mozilla.org': Reading manifest: Invalid extension permission: telemetry
1581285164719	addons.webextension.screenshots@mozilla.org	WARN	Loading extension 'screenshots@mozilla.org': Reading manifest: Invalid extension permission: resource://pdf.js/
1581285164719	addons.webextension.screenshots@mozilla.org	WARN	Loading extension 'screenshots@mozilla.org': Reading manifest: Invalid extension permission: about:reader*
1581285166830	Marionette	INFO	Listening on port 51306
1581285166858	Marionette	WARN	TLS certificate errors will be ignored for this session
JavaScript error: https://www.rottentomatoes.com/assets/pizza-pie/javascripts/bundles/blueKai.706f0047416.js, line 1: ReferenceError: bk_addPageCtx is not defined
1581285258596	Marionette	INFO	Stopped listening on port 51306
1581285260495	mozrunner::runner	INFO	Running command: "/Applications/Firefox.app/Contents/MacOS/firefox-bin" "-marionette" "-foreground" "-no-remote" "-profile" "/var/folders/mn/kltzh2w14rl_lrtv7dp63hsh0000gn/T/rust_mozprofileHKAX30"
1581285261114	addons.webextension.doh-rollout@mozilla.org	WARN	Loading extension 'doh-rollout@mozilla.org': Reading manifest: Invalid extension permission: networkStatus
1581285261244	addons.webextension.screenshots@mozilla.org	WARN	Loading extension 'screenshots@mozilla.org': Reading manifest: Invalid extension permission: mozillaAddons
1581285261244	addons.webextension.screenshots@mozilla.org	WARN	Loading extension 'screenshots@mozilla.org': Reading manifest: Invalid extension permission: telemetry
1581285261244	addons.webextension.screenshots@mozilla.org	WARN	Loading extension 'screenshots@mozilla.org': Reading manifest: Invalid extension permission: resource://pdf.js/
1581285261244	addons.webextension.screenshots@mozilla.org	WARN	Loading extension 'screenshots@mozilla.org': Reading manifest: Invalid extension permission: about:reader*
1581285263419	Marionette	INFO	Listening on port 51514
1581285263461	Marionette	WARN	TLS certificate errors will be ignored for this session
1581285312864	Marionette	INFO	Stopped listening on port 51514
[GFX1-]: Receive IPC close with reason=AbnormalShutdown
Exiting due to channel error.
[GFX1-]: Receive IPC close with reason=AbnormalShutdown
[GFX1-]: Receive IPC close with reason=AbnormalShutdown
Exiting due to channel error.
Exiting due to channel error.
1581285377893	mozrunner::runner	INFO	Running command: "/Applications/Firefox.app/Contents/MacOS/firefox-bin" "-marionette" "-foreground" "-no-remote" "-profile" "/var/folders/mn/kltzh2w14rl_lrtv7dp63hsh0000gn/T/rust_mozprofilec5Fx6H"
1581285378421	addons.webextension.doh-rollout@mozilla.org	WARN	Loading extension 'doh-rollout@mozilla.org': Reading manifest: Invalid extension permission: networkStatus
1581285378555	addons.webextension.screenshots@mozilla.org	WARN	Loading extension 'screenshots@mozilla.org': Reading manifest: Invalid extension permission: mozillaAddons
1581285378556	addons.webextension.screenshots@mozilla.org	WARN	Loading extension 'screenshots@mozilla.org': Reading manifest: Invalid extension permission: telemetry
1581285378556	addons.webextension.screenshots@mozilla.org	WARN	Loading extension 'screenshots@mozilla.org': Reading manifest: Invalid extension permission: resource://pdf.js/
1581285378556	addons.webextension.screenshots@mozilla.org	WARN	Loading extension 'screenshots@mozilla.org': Reading manifest: Invalid extension permission: about:reader*
1581285380631	Marionette	INFO	Listening on port 51571
1581285380693	Marionette	WARN	TLS certificate errors will be ignored for this session
1581285386153	Marionette	INFO	Stopped listening on port 51571
1581285390099	mozrunner::runner	INFO	Running command: "/Applications/Firefox.app/Contents/MacOS/firefox-bin" "-marionette" "-foreground" "-no-remote" "-profile" "/var/folders/mn/kltzh2w14rl_lrtv7dp63hsh0000gn/T/rust_mozprofileIMLPcN"
1581285390632	addons.webextension.doh-rollout@mozilla.org	WARN	Loading extension 'doh-rollout@mozilla.org': Reading manifest: Invalid extension permission: networkStatus
1581285390772	addons.webextension.screenshots@mozilla.org	WARN	Loading extension 'screenshots@mozilla.org': Reading manifest: Invalid extension permission: mozillaAddons
1581285390772	addons.webextension.screenshots@mozilla.org	WARN	Loading extension 'screenshots@mozilla.org': Reading manifest: Invalid extension permission: telemetry
1581285390772	addons.webextension.screenshots@mozilla.org	WARN	Loading extension 'screenshots@mozilla.org': Reading manifest: Invalid extension permission: resource://pdf.js/
1581285390773	addons.webextension.screenshots@mozilla.org	WARN	Loading extension 'screenshots@mozilla.org': Reading manifest: Invalid extension permission: about:reader*
1581285392945	Marionette	INFO	Listening on port 51655
1581285392964	Marionette	WARN	TLS certificate errors will be ignored for this session
JavaScript error: https://www.rottentomatoes.com/assets/pizza-pie/javascripts/bundles/blueKai.706f0047416.js, line 1: ReferenceError: bk_addPageCtx is not defined
1581285484558	Marionette	INFO	Stopped listening on port 51655
1581285486370	mozrunner::runner	INFO	Running command: "/Applications/Firefox.app/Contents/MacOS/firefox-bin" "-marionette" "-foreground" "-no-remote" "-profile" "/var/folders/mn/kltzh2w14rl_lrtv7dp63hsh0000gn/T/rust_mozprofilevRtZ72"
1581285486898	addons.webextension.doh-rollout@mozilla.org	WARN	Loading extension 'doh-rollout@mozilla.org': Reading manifest: Invalid extension permission: networkStatus
1581285487024	addons.webextension.screenshots@mozilla.org	WARN	Loading extension 'screenshots@mozilla.org': Reading manifest: Invalid extension permission: mozillaAddons
1581285487025	addons.webextension.screenshots@mozilla.org	WARN	Loading extension 'screenshots@mozilla.org': Reading manifest: Invalid extension permission: telemetry
1581285487025	addons.webextension.screenshots@mozilla.org	WARN	Loading extension 'screenshots@mozilla.org': Reading manifest: Invalid extension permission: resource://pdf.js/
1581285487025	addons.webextension.screenshots@mozilla.org	WARN	Loading extension 'screenshots@mozilla.org': Reading manifest: Invalid extension permission: about:reader*
1581285489110	Marionette	INFO	Listening on port 51808
1581285489119	Marionette	WARN	TLS certificate errors will be ignored for this session
1581285489189	Marionette	INFO	Stopped listening on port 51808
1581285986606	mozrunner::runner	INFO	Running command: "/Applications/Firefox.app/Contents/MacOS/firefox-bin" "-marionette" "-foreground" "-no-remote" "-profile" "/var/folders/mn/kltzh2w14rl_lrtv7dp63hsh0000gn/T/rust_mozprofileyduSvQ"
1581285987133	addons.webextension.doh-rollout@mozilla.org	WARN	Loading extension 'doh-rollout@mozilla.org': Reading manifest: Invalid extension permission: networkStatus
1581285987273	addons.webextension.screenshots@mozilla.org	WARN	Loading extension 'screenshots@mozilla.org': Reading manifest: Invalid extension permission: mozillaAddons
1581285987273	addons.webextension.screenshots@mozilla.org	WARN	Loading extension 'screenshots@mozilla.org': Reading manifest: Invalid extension permission: telemetry
1581285987273	addons.webextension.screenshots@mozilla.org	WARN	Loading extension 'screenshots@mozilla.org': Reading manifest: Invalid extension permission: resource://pdf.js/
1581285987273	addons.webextension.screenshots@mozilla.org	WARN	Loading extension 'screenshots@mozilla.org': Reading manifest: Invalid extension permission: about:reader*
1581285989316	Marionette	INFO	Listening on port 52096
1581285989367	Marionette	WARN	TLS certificate errors will be ignored for this session
JavaScript error: https://m.media-amazon.com/images/G/01/imdb/js/collections/user-reviews-3694191219._CB449519486_.js, line 90: TypeError: this.widget is null
JavaScript error: https://m.media-amazon.com/images/G/01/imdb/js/collections/user-reviews-3694191219._CB449519486_.js, line 90: TypeError: this.widget is null
JavaScript error: https://m.media-amazon.com/images/G/01/imdb/js/collections/user-reviews-3694191219._CB449519486_.js, line 90: TypeError: this.widget is null
JavaScript error: https://m.media-amazon.com/images/G/01/imdb/js/collections/user-reviews-3694191219._CB449519486_.js, line 90: TypeError: this.widget is null
JavaScript error: https://m.media-amazon.com/images/G/01/imdb/js/collections/user-reviews-3694191219._CB449519486_.js, line 90: TypeError: this.widget is null
JavaScript error: https://m.media-amazon.com/images/G/01/imdb/js/collections/user-reviews-3694191219._CB449519486_.js, line 90: TypeError: this.widget is null
JavaScript error: https://m.media-amazon.com/images/G/01/imdb/js/collections/user-reviews-3694191219._CB449519486_.js, line 90: TypeError: this.widget is null
JavaScript error: https://m.media-amazon.com/images/G/01/imdb/js/collections/user-reviews-3694191219._CB449519486_.js, line 90: TypeError: this.widget is null
JavaScript error: https://m.media-amazon.com/images/G/01/imdb/js/collections/user-reviews-3694191219._CB449519486_.js, line 90: TypeError: this.widget is null
JavaScript error: https://m.media-amazon.com/images/G/01/imdb/js/collections/user-reviews-3694191219._CB449519486_.js, line 90: TypeError: this.widget is null
1581286027131	Marionette	WARN	TimedPromise timed out after 500 ms: stacktrace:
bail@chrome://marionette/content/sync.js:237:64
JavaScript error: https://m.media-amazon.com/images/G/01/imdb/js/collections/user-reviews-3694191219._CB449519486_.js, line 90: TypeError: this.widget is null
1581286030877	Marionette	WARN	TimedPromise timed out after 500 ms: stacktrace:
bail@chrome://marionette/content/sync.js:237:64
JavaScript error: https://m.media-amazon.com/images/G/01/imdb/js/collections/user-reviews-3694191219._CB449519486_.js, line 90: TypeError: this.widget is null
JavaScript error: https://m.media-amazon.com/images/G/01/imdb/js/collections/user-reviews-3694191219._CB449519486_.js, line 90: TypeError: this.widget is null
1581286038036	Marionette	WARN	TimedPromise timed out after 500 ms: stacktrace:
bail@chrome://marionette/content/sync.js:237:64
JavaScript error: https://m.media-amazon.com/images/G/01/imdb/js/collections/user-reviews-3694191219._CB449519486_.js, line 90: TypeError: this.widget is null
