1581242155787	mozrunner::runner	INFO	Running command: "/usr/bin/firefox" "-marionette" "-foreground" "-no-remote" "-profile" "/tmp/rust_mozprofileVftT8l"
1581242156209	addons.webextension.doh-rollout@mozilla.org	WARN	Loading extension 'doh-rollout@mozilla.org': Reading manifest: Invalid extension permission: networkStatus
1581242156241	addons.webextension.screenshots@mozilla.org	WARN	Loading extension 'screenshots@mozilla.org': Reading manifest: Invalid extension permission: mozillaAddons
1581242156241	addons.webextension.screenshots@mozilla.org	WARN	Loading extension 'screenshots@mozilla.org': Reading manifest: Invalid extension permission: telemetry
1581242156241	addons.webextension.screenshots@mozilla.org	WARN	Loading extension 'screenshots@mozilla.org': Reading manifest: Invalid extension permission: resource://pdf.js/
1581242156242	addons.webextension.screenshots@mozilla.org	WARN	Loading extension 'screenshots@mozilla.org': Reading manifest: Invalid extension permission: about:reader*
1581242158207	Marionette	INFO	Listening on port 45009
1581242158297	Marionette	WARN	TLS certificate errors will be ignored for this session
JavaScript error: https://m.media-amazon.com/images/G/01/imdb/js/collections/user-reviews-3694191219._CB449519486_.js, line 90: TypeError: this.widget is null
JavaScript error: https://m.media-amazon.com/images/G/01/imdb/js/collections/user-reviews-3694191219._CB449519486_.js, line 90: TypeError: this.widget is null
JavaScript error: https://m.media-amazon.com/images/G/01/imdb/js/collections/user-reviews-3694191219._CB449519486_.js, line 90: TypeError: this.widget is null
JavaScript error: https://m.media-amazon.com/images/G/01/imdb/js/collections/user-reviews-3694191219._CB449519486_.js, line 90: TypeError: this.widget is null
JavaScript error: https://m.media-amazon.com/images/G/01/imdb/js/collections/user-reviews-3694191219._CB449519486_.js, line 90: TypeError: this.widget is null
JavaScript error: https://m.media-amazon.com/images/G/01/imdb/js/collections/user-reviews-3694191219._CB449519486_.js, line 90: TypeError: this.widget is null
JavaScript error: https://m.media-amazon.com/images/G/01/imdb/js/collections/user-reviews-3694191219._CB449519486_.js, line 90: TypeError: this.widget is null
JavaScript error: https://m.media-amazon.com/images/G/01/imdb/js/collections/user-reviews-3694191219._CB449519486_.js, line 90: TypeError: this.widget is null
JavaScript error: https://m.media-amazon.com/images/G/01/imdb/js/collections/user-reviews-3694191219._CB449519486_.js, line 90: TypeError: this.widget is null
JavaScript error: https://m.media-amazon.com/images/G/01/imdb/js/collections/user-reviews-3694191219._CB449519486_.js, line 90: TypeError: this.widget is null
JavaScript error: https://m.media-amazon.com/images/G/01/imdb/js/collections/user-reviews-3694191219._CB449519486_.js, line 90: TypeError: this.widget is null
JavaScript error: https://m.media-amazon.com/images/G/01/imdb/js/collections/user-reviews-3694191219._CB449519486_.js, line 90: TypeError: this.widget is null
JavaScript error: https://m.media-amazon.com/images/G/01/imdb/js/collections/user-reviews-3694191219._CB449519486_.js, line 90: TypeError: this.widget is null
JavaScript error: https://m.media-amazon.com/images/G/01/imdb/js/collections/user-reviews-3694191219._CB449519486_.js, line 90: TypeError: this.widget is null
JavaScript error: https://m.media-amazon.com/images/G/01/imdb/js/collections/user-reviews-3694191219._CB449519486_.js, line 90: TypeError: this.widget is null
JavaScript error: https://m.media-amazon.com/images/G/01/imdb/js/collections/user-reviews-3694191219._CB449519486_.js, line 90: TypeError: this.widget is null
JavaScript error: https://m.media-amazon.com/images/G/01/imdb/js/collections/user-reviews-3694191219._CB449519486_.js, line 90: TypeError: this.widget is null
JavaScript error: https://m.media-amazon.com/images/G/01/imdb/js/collections/user-reviews-3694191219._CB449519486_.js, line 90: TypeError: this.widget is null
JavaScript error: https://m.media-amazon.com/images/G/01/imdb/js/collections/user-reviews-3694191219._CB449519486_.js, line 90: TypeError: this.widget is null
JavaScript error: https://m.media-amazon.com/images/G/01/imdb/js/collections/user-reviews-3694191219._CB449519486_.js, line 90: TypeError: this.widget is null
JavaScript error: https://m.media-amazon.com/images/G/01/imdb/js/collections/user-reviews-3694191219._CB449519486_.js, line 90: TypeError: this.widget is null
JavaScript error: https://m.media-amazon.com/images/G/01/imdb/js/collections/user-reviews-3694191219._CB449519486_.js, line 90: TypeError: this.widget is null
JavaScript error: https://m.media-amazon.com/images/G/01/imdb/js/collections/user-reviews-3694191219._CB449519486_.js, line 90: TypeError: this.widget is null
JavaScript error: https://m.media-amazon.com/images/G/01/imdb/js/collections/user-reviews-3694191219._CB449519486_.js, line 90: TypeError: this.widget is null
JavaScript error: https://m.media-amazon.com/images/G/01/imdb/js/collections/user-reviews-3694191219._CB449519486_.js, line 90: TypeError: this.widget is null
JavaScript error: https://m.media-amazon.com/images/G/01/imdb/js/collections/user-reviews-3694191219._CB449519486_.js, line 90: TypeError: this.widget is null
JavaScript error: https://m.media-amazon.com/images/G/01/imdb/js/collections/user-reviews-3694191219._CB449519486_.js, line 90: TypeError: this.widget is null
JavaScript error: https://m.media-amazon.com/images/G/01/imdb/js/collections/user-reviews-3694191219._CB449519486_.js, line 90: TypeError: this.widget is null
JavaScript error: https://m.media-amazon.com/images/G/01/imdb/js/collections/user-reviews-3694191219._CB449519486_.js, line 90: TypeError: this.widget is null
JavaScript error: https://m.media-amazon.com/images/G/01/imdb/js/collections/user-reviews-3694191219._CB449519486_.js, line 90: TypeError: this.widget is null
JavaScript error: https://m.media-amazon.com/images/G/01/imdb/js/collections/user-reviews-3694191219._CB449519486_.js, line 90: TypeError: this.widget is null
JavaScript error: https://m.media-amazon.com/images/G/01/imdb/js/collections/user-reviews-3694191219._CB449519486_.js, line 90: TypeError: this.widget is null
JavaScript error: https://m.media-amazon.com/images/G/01/imdb/js/collections/user-reviews-3694191219._CB449519486_.js, line 90: TypeError: this.widget is null
JavaScript error: https://m.media-amazon.com/images/G/01/imdb/js/collections/user-reviews-3694191219._CB449519486_.js, line 90: TypeError: this.widget is null
JavaScript error: https://m.media-amazon.com/images/G/01/imdb/js/collections/user-reviews-3694191219._CB449519486_.js, line 90: TypeError: this.widget is null
JavaScript error: https://m.media-amazon.com/images/G/01/imdb/js/collections/user-reviews-3694191219._CB449519486_.js, line 90: TypeError: this.widget is null
JavaScript error: https://m.media-amazon.com/images/G/01/imdb/js/collections/user-reviews-3694191219._CB449519486_.js, line 90: TypeError: this.widget is null
JavaScript error: https://m.media-amazon.com/images/G/01/imdb/js/collections/user-reviews-3694191219._CB449519486_.js, line 90: TypeError: this.widget is null
JavaScript error: https://m.media-amazon.com/images/G/01/imdb/js/collections/user-reviews-3694191219._CB449519486_.js, line 90: TypeError: this.widget is null
JavaScript error: https://m.media-amazon.com/images/G/01/imdb/js/collections/user-reviews-3694191219._CB449519486_.js, line 90: TypeError: this.widget is null
JavaScript error: https://m.media-amazon.com/images/G/01/imdb/js/collections/user-reviews-3694191219._CB449519486_.js, line 90: TypeError: this.widget is null
JavaScript error: https://m.media-amazon.com/images/G/01/imdb/js/collections/user-reviews-3694191219._CB449519486_.js, line 90: TypeError: this.widget is null
JavaScript error: https://m.media-amazon.com/images/G/01/imdb/js/collections/user-reviews-3694191219._CB449519486_.js, line 90: TypeError: this.widget is null
JavaScript error: https://m.media-amazon.com/images/G/01/imdb/js/collections/user-reviews-3694191219._CB449519486_.js, line 90: TypeError: this.widget is null
JavaScript error: https://m.media-amazon.com/images/G/01/imdb/js/collections/user-reviews-3694191219._CB449519486_.js, line 90: TypeError: this.widget is null
JavaScript error: https://m.media-amazon.com/images/G/01/imdb/js/collections/user-reviews-3694191219._CB449519486_.js, line 90: TypeError: this.widget is null
JavaScript error: https://m.media-amazon.com/images/G/01/imdb/js/collections/user-reviews-3694191219._CB449519486_.js, line 90: TypeError: this.widget is null
JavaScript error: https://m.media-amazon.com/images/G/01/imdb/js/collections/user-reviews-3694191219._CB449519486_.js, line 90: TypeError: this.widget is null
JavaScript error: https://m.media-amazon.com/images/G/01/imdb/js/collections/user-reviews-3694191219._CB449519486_.js, line 90: TypeError: this.widget is null
JavaScript error: https://m.media-amazon.com/images/G/01/imdb/js/collections/user-reviews-3694191219._CB449519486_.js, line 90: TypeError: this.widget is null
JavaScript error: https://m.media-amazon.com/images/G/01/imdb/js/collections/user-reviews-3694191219._CB449519486_.js, line 90: TypeError: this.widget is null
JavaScript error: https://m.media-amazon.com/images/G/01/imdb/js/collections/user-reviews-3694191219._CB449519486_.js, line 90: TypeError: this.widget is null
JavaScript error: https://m.media-amazon.com/images/G/01/imdb/js/collections/user-reviews-3694191219._CB449519486_.js, line 90: TypeError: this.widget is null
JavaScript error: https://m.media-amazon.com/images/G/01/imdb/js/collections/user-reviews-3694191219._CB449519486_.js, line 90: TypeError: this.widget is null
JavaScript error: https://m.media-amazon.com/images/G/01/imdb/js/collections/user-reviews-3694191219._CB449519486_.js, line 90: TypeError: this.widget is null
JavaScript error: https://m.media-amazon.com/images/G/01/imdb/js/collections/user-reviews-3694191219._CB449519486_.js, line 90: TypeError: this.widget is null
JavaScript error: https://m.media-amazon.com/images/G/01/imdb/js/collections/user-reviews-3694191219._CB449519486_.js, line 90: TypeError: this.widget is null
JavaScript error: https://m.media-amazon.com/images/G/01/imdb/js/collections/user-reviews-3694191219._CB449519486_.js, line 90: TypeError: this.widget is null
JavaScript error: https://m.media-amazon.com/images/G/01/imdb/js/collections/user-reviews-3694191219._CB449519486_.js, line 90: TypeError: this.widget is null
JavaScript error: https://m.media-amazon.com/images/G/01/imdb/js/collections/user-reviews-3694191219._CB449519486_.js, line 90: TypeError: this.widget is null
JavaScript error: https://m.media-amazon.com/images/G/01/imdb/js/collections/user-reviews-3694191219._CB449519486_.js, line 90: TypeError: this.widget is null
JavaScript error: https://m.media-amazon.com/images/G/01/imdb/js/collections/user-reviews-3694191219._CB449519486_.js, line 90: TypeError: this.widget is null
JavaScript error: https://m.media-amazon.com/images/G/01/imdb/js/collections/user-reviews-3694191219._CB449519486_.js, line 90: TypeError: this.widget is null
JavaScript error: https://m.media-amazon.com/images/G/01/imdb/js/collections/user-reviews-3694191219._CB449519486_.js, line 90: TypeError: this.widget is null
JavaScript error: https://m.media-amazon.com/images/G/01/imdb/js/collections/user-reviews-3694191219._CB449519486_.js, line 90: TypeError: this.widget is null
JavaScript error: https://m.media-amazon.com/images/G/01/imdb/js/collections/user-reviews-3694191219._CB449519486_.js, line 90: TypeError: this.widget is null
JavaScript error: https://m.media-amazon.com/images/G/01/imdb/js/collections/user-reviews-3694191219._CB449519486_.js, line 90: TypeError: this.widget is null
JavaScript error: https://m.media-amazon.com/images/G/01/imdb/js/collections/user-reviews-3694191219._CB449519486_.js, line 90: TypeError: this.widget is null
JavaScript error: https://m.media-amazon.com/images/G/01/imdb/js/collections/user-reviews-3694191219._CB449519486_.js, line 90: TypeError: this.widget is null
1581242401111	Marionette	INFO	Stopped listening on port 45009
1581242404156	mozrunner::runner	INFO	Running command: "/usr/bin/firefox" "-marionette" "-foreground" "-no-remote" "-profile" "/tmp/rust_mozprofileenF8NG"
1581242404652	addons.webextension.doh-rollout@mozilla.org	WARN	Loading extension 'doh-rollout@mozilla.org': Reading manifest: Invalid extension permission: networkStatus
1581242404681	addons.webextension.screenshots@mozilla.org	WARN	Loading extension 'screenshots@mozilla.org': Reading manifest: Invalid extension permission: mozillaAddons
1581242404681	addons.webextension.screenshots@mozilla.org	WARN	Loading extension 'screenshots@mozilla.org': Reading manifest: Invalid extension permission: telemetry
1581242404681	addons.webextension.screenshots@mozilla.org	WARN	Loading extension 'screenshots@mozilla.org': Reading manifest: Invalid extension permission: resource://pdf.js/
1581242404681	addons.webextension.screenshots@mozilla.org	WARN	Loading extension 'screenshots@mozilla.org': Reading manifest: Invalid extension permission: about:reader*
1581242406710	Marionette	INFO	Listening on port 42819
1581242406768	Marionette	WARN	TLS certificate errors will be ignored for this session
JavaScript error: https://www.rottentomatoes.com/m/1917_2019/reviews?type=user line 1651 > scriptElement, line 1: ReferenceError: sc is not defined
JavaScript error: https://www.rottentomatoes.com/assets/pizza-pie/javascripts/bundles/blueKai.706f0047416.js, line 1: ReferenceError: bk_addPageCtx is not defined
JavaScript error: https://www.rottentomatoes.com/m/1917_2019/reviews?type=user line 1521 > scriptElement, line 1: ReferenceError: sc is not defined
1581243915193	Marionette	INFO	Stopped listening on port 42819
1581243917457	mozrunner::runner	INFO	Running command: "/usr/bin/firefox" "-marionette" "-foreground" "-no-remote" "-profile" "/tmp/rust_mozprofileoy63MX"
1581243917794	addons.webextension.doh-rollout@mozilla.org	WARN	Loading extension 'doh-rollout@mozilla.org': Reading manifest: Invalid extension permission: networkStatus
1581243917828	addons.webextension.screenshots@mozilla.org	WARN	Loading extension 'screenshots@mozilla.org': Reading manifest: Invalid extension permission: mozillaAddons
1581243917828	addons.webextension.screenshots@mozilla.org	WARN	Loading extension 'screenshots@mozilla.org': Reading manifest: Invalid extension permission: telemetry
1581243917828	addons.webextension.screenshots@mozilla.org	WARN	Loading extension 'screenshots@mozilla.org': Reading manifest: Invalid extension permission: resource://pdf.js/
1581243917828	addons.webextension.screenshots@mozilla.org	WARN	Loading extension 'screenshots@mozilla.org': Reading manifest: Invalid extension permission: about:reader*
1581243919255	Marionette	INFO	Listening on port 42311
1581243919270	Marionette	WARN	TLS certificate errors will be ignored for this session
1581243992367	Marionette	INFO	Stopped listening on port 42311
